{
  "stats": {
    "suites": 12,
    "tests": 15,
    "passes": 15,
    "pending": 0,
    "failures": 0,
    "start": "2020-05-15T01:41:27.981Z",
    "end": "2020-05-15T01:44:27.942Z",
    "duration": 179961,
    "testsRegistered": 15,
    "passPercent": 100,
    "pendingPercent": 0,
    "other": 0,
    "hasOther": false,
    "skipped": 0,
    "hasSkipped": false
  },
  "results": [
    {
      "uuid": "ce257f65-82eb-41f1-8607-a0b97c00fdcd",
      "title": "",
      "fullFile": "",
      "file": "",
      "beforeHooks": [],
      "afterHooks": [],
      "tests": [],
      "suites": [
        {
          "uuid": "d72cabf1-4399-42fe-8548-3842df04e5d0",
          "title": "E2E TESTS FOR LOGIN PAGE",
          "fullFile": "C:\\Users\\morga\\Documents\\mean-stack-web-app\\server-side\\tests\\e2e\\login.js",
          "file": "\\server-side\\tests\\e2e\\login.js",
          "beforeHooks": [
            {
              "title": "\"before each\" hook",
              "fullTitle": "E2E TESTS FOR LOGIN PAGE \"before each\" hook",
              "timedOut": false,
              "duration": 7034,
              "state": null,
              "speed": null,
              "pass": false,
              "fail": false,
              "pending": false,
              "context": null,
              "code": "browser = await puppeteer.launch({\n    headless: false,\n    defaultViewport: null,\n    slowMo: 35,\n    args: [\n        '--window-size=1920,1080',\n    ],\n});\npage = await browser.newPage();\nawait page.goto(\"http://localhost:4200/login\");",
              "err": {},
              "uuid": "ebe35b89-a570-457e-aa2f-52f54d21e2a6",
              "parentUUID": "d72cabf1-4399-42fe-8548-3842df04e5d0",
              "isHook": true,
              "skipped": false
            }
          ],
          "afterHooks": [
            {
              "title": "\"after each\" hook",
              "fullTitle": "E2E TESTS FOR LOGIN PAGE \"after each\" hook",
              "timedOut": false,
              "duration": 813,
              "state": null,
              "speed": null,
              "pass": false,
              "fail": false,
              "pending": false,
              "context": null,
              "code": "await browser.close();",
              "err": {},
              "uuid": "d26d2bfe-4abc-4643-8613-aa08c4c40ff3",
              "parentUUID": "d72cabf1-4399-42fe-8548-3842df04e5d0",
              "isHook": true,
              "skipped": false
            }
          ],
          "tests": [],
          "suites": [
            {
              "uuid": "903a9c39-ad9e-4c14-aeb1-ae8996131450",
              "title": "/POST Login",
              "fullFile": "C:\\Users\\morga\\Documents\\mean-stack-web-app\\server-side\\tests\\e2e\\login.js",
              "file": "\\server-side\\tests\\e2e\\login.js",
              "beforeHooks": [],
              "afterHooks": [],
              "tests": [
                {
                  "title": "it should login a user",
                  "fullTitle": "E2E TESTS FOR LOGIN PAGE /POST Login it should login a user",
                  "timedOut": false,
                  "duration": 2782,
                  "state": "passed",
                  "speed": "slow",
                  "pass": true,
                  "fail": false,
                  "pending": false,
                  "context": null,
                  "code": "//await page.waitFor(3000);\n            expect(await page.$eval('#formTitle', e => e.innerText))\n                .to.eql(\"Log in to your account\");\n            expect(await page.$eval('#submitBtn', btn => btn.disabled)).eql(true);\n            const pseudo = await page.$('#pseudo');\n            const password = await page.$('#password');\n            const submit = await page.$('#submitBtn');\n            await pseudo.click({ clickCount: 3 });\n            await pseudo.type('dan30@gmail.com');\n            await password.click({ clickCount: 3});\n            await password.type('toto');\n            expect(await page.$eval('#submitBtn', btn => btn.disabled)).eql(false);\n            await submit.click();\n            await page.waitForNavigation();\n            expect(page.url()).eql('http://localhost:4200/dashboard');",
                  "err": {},
                  "uuid": "dac0eb4f-837d-4c80-82cf-6f3b1e52bf7b",
                  "parentUUID": "903a9c39-ad9e-4c14-aeb1-ae8996131450",
                  "isHook": false,
                  "skipped": false
                },
                {
                  "title": "it should NOT login a user with a wrong password",
                  "fullTitle": "E2E TESTS FOR LOGIN PAGE /POST Login it should NOT login a user with a wrong password",
                  "timedOut": false,
                  "duration": 3273,
                  "state": "passed",
                  "speed": "slow",
                  "pass": true,
                  "fail": false,
                  "pending": false,
                  "context": null,
                  "code": "const pseudo = await page.$('#pseudo');\n            const password = await page.$('#password');\n            const submit = await page.$('#submitBtn');\n            await pseudo.click({ clickCount: 3 });\n            await pseudo.type('dan30@gmail.com');\n            await password.click({ clickCount: 3});\n            await password.type('*****');\n            await submit.click();\n            await page.waitFor(1000);\n            expect((await page.$eval('#flashMessages', e => e.innerHTML))\n                .includes('alert')).eql(true);\n            expect(page.url()).eql('http://localhost:4200/login');",
                  "err": {},
                  "uuid": "94ad4801-9572-494e-8d71-72bd4870e9c4",
                  "parentUUID": "903a9c39-ad9e-4c14-aeb1-ae8996131450",
                  "isHook": false,
                  "skipped": false
                }
              ],
              "suites": [],
              "passes": [
                "dac0eb4f-837d-4c80-82cf-6f3b1e52bf7b",
                "94ad4801-9572-494e-8d71-72bd4870e9c4"
              ],
              "failures": [],
              "pending": [],
              "skipped": [],
              "duration": 6055,
              "root": false,
              "rootEmpty": false,
              "_timeout": 400000
            },
            {
              "uuid": "a7656579-802c-476d-b245-4cd253fef2bb",
              "title": "/login errors",
              "fullFile": "C:\\Users\\morga\\Documents\\mean-stack-web-app\\server-side\\tests\\e2e\\login.js",
              "file": "\\server-side\\tests\\e2e\\login.js",
              "beforeHooks": [],
              "afterHooks": [],
              "tests": [
                {
                  "title": "it should display form validation on all fields",
                  "fullTitle": "E2E TESTS FOR LOGIN PAGE /login errors it should display form validation on all fields",
                  "timedOut": false,
                  "duration": 1923,
                  "state": "passed",
                  "speed": "slow",
                  "pass": true,
                  "fail": false,
                  "pending": false,
                  "context": null,
                  "code": "const pseudo = await page.$('#pseudo');\n            const password = await page.$('#password');\n            await pseudo.click({ clickCount: 3 });\n            await pseudo.type('');\n            await password.click({ clickCount: 3});\n            await password.type('');\n            await pseudo.click({ clickCount: 3 });\n            await page.waitFor(1000);\n            expect((await page.$eval('#pseudo', el => el.className))\n                .includes('is-invalid')).eql(true);\n            expect((await page.$eval('#password', el => el.className))\n                .includes('is-invalid')).eql(true);\n            expect(await page.$eval('#submitBtn', btn => btn.disabled)).eql(true);\n            expect(page.url()).eql('http://localhost:4200/login');",
                  "err": {},
                  "uuid": "5ec27380-df7f-413b-8390-edf4e17f3099",
                  "parentUUID": "a7656579-802c-476d-b245-4cd253fef2bb",
                  "isHook": false,
                  "skipped": false
                },
                {
                  "title": "it should nagivate to the signup page",
                  "fullTitle": "E2E TESTS FOR LOGIN PAGE /login errors it should nagivate to the signup page",
                  "timedOut": false,
                  "duration": 228,
                  "state": "passed",
                  "speed": "slow",
                  "pass": true,
                  "fail": false,
                  "pending": false,
                  "context": null,
                  "code": "const singUp = await page.$('#signUpLink');\n            await singUp.click();\n            await page.waitForNavigation();\n            expect(page.url()).eql('http://localhost:4200/register');",
                  "err": {},
                  "uuid": "39622d74-9f87-436c-94ac-843b86b89c91",
                  "parentUUID": "a7656579-802c-476d-b245-4cd253fef2bb",
                  "isHook": false,
                  "skipped": false
                }
              ],
              "suites": [],
              "passes": [
                "5ec27380-df7f-413b-8390-edf4e17f3099",
                "39622d74-9f87-436c-94ac-843b86b89c91"
              ],
              "failures": [],
              "pending": [],
              "skipped": [],
              "duration": 2151,
              "root": false,
              "rootEmpty": false,
              "_timeout": 400000
            }
          ],
          "passes": [],
          "failures": [],
          "pending": [],
          "skipped": [],
          "duration": 0,
          "root": false,
          "rootEmpty": false,
          "_timeout": 400000
        },
        {
          "uuid": "89fd39f0-2664-441c-bdde-9f0a7ac572ac",
          "title": "E2E TESTS FOR PROFILE PAGE",
          "fullFile": "C:\\Users\\morga\\Documents\\mean-stack-web-app\\server-side\\tests\\e2e\\profile.js",
          "file": "\\server-side\\tests\\e2e\\profile.js",
          "beforeHooks": [
            {
              "title": "\"before each\" hook",
              "fullTitle": "E2E TESTS FOR PROFILE PAGE \"before each\" hook",
              "timedOut": false,
              "duration": 7155,
              "state": null,
              "speed": null,
              "pass": false,
              "fail": false,
              "pending": false,
              "context": null,
              "code": "browser = await puppeteer.launch({\n    headless: false,\n    defaultViewport: null,\n    slowMo: 35,\n    args: [\n        '--window-size=1920,1080',\n    ],\n});\npage = await browser.newPage();\nawait page.goto(\"http://localhost:4200/login\");",
              "err": {},
              "uuid": "8e39de5f-145c-494e-b79d-0b8f05a70861",
              "parentUUID": "89fd39f0-2664-441c-bdde-9f0a7ac572ac",
              "isHook": true,
              "skipped": false
            }
          ],
          "afterHooks": [
            {
              "title": "\"after each\" hook",
              "fullTitle": "E2E TESTS FOR PROFILE PAGE \"after each\" hook",
              "timedOut": false,
              "duration": 619,
              "state": null,
              "speed": null,
              "pass": false,
              "fail": false,
              "pending": false,
              "context": null,
              "code": "await browser.close();",
              "err": {},
              "uuid": "76d12451-b047-45c9-8496-2e2e9552d696",
              "parentUUID": "89fd39f0-2664-441c-bdde-9f0a7ac572ac",
              "isHook": true,
              "skipped": false
            }
          ],
          "tests": [],
          "suites": [
            {
              "uuid": "14a01a41-531b-49d4-ab0e-afa1b989451e",
              "title": "/GET User",
              "fullFile": "C:\\Users\\morga\\Documents\\mean-stack-web-app\\server-side\\tests\\e2e\\profile.js",
              "file": "\\server-side\\tests\\e2e\\profile.js",
              "beforeHooks": [],
              "afterHooks": [],
              "tests": [
                {
                  "title": "it should display the user's profile",
                  "fullTitle": "E2E TESTS FOR PROFILE PAGE /GET User it should display the user's profile",
                  "timedOut": false,
                  "duration": 3315,
                  "state": "passed",
                  "speed": "slow",
                  "pass": true,
                  "fail": false,
                  "pending": false,
                  "context": null,
                  "code": "expect(await page.$eval('#submitBtn', btn => btn.disabled)).eql(true);\n            const pseudo = await page.$('#pseudo');\n            const password = await page.$('#password');\n            const submit = await page.$('#submitBtn');\n            await pseudo.click({clickCount: 3});\n            await pseudo.type('dan30@gmail.com');\n            await password.click({clickCount: 3});\n            await password.type('toto');\n            expect(await page.$eval('#submitBtn', btn => btn.disabled)).eql(false);\n            await submit.click();\n            await page.waitForNavigation();\n            expect(page.url()).eql('http://localhost:4200/dashboard');\n            const profile = await page.$('#profileBtn');\n            await profile.click();\n            await page.waitForNavigation();\n            expect(page.url()).eql('http://localhost:4200/profile/dan30');",
                  "err": {},
                  "uuid": "9bf824c7-0273-4da3-a0f3-4fc7efa11b84",
                  "parentUUID": "14a01a41-531b-49d4-ab0e-afa1b989451e",
                  "isHook": false,
                  "skipped": false
                }
              ],
              "suites": [],
              "passes": [
                "9bf824c7-0273-4da3-a0f3-4fc7efa11b84"
              ],
              "failures": [],
              "pending": [],
              "skipped": [],
              "duration": 3315,
              "root": false,
              "rootEmpty": false,
              "_timeout": 400000
            },
            {
              "uuid": "2714cd11-98ee-409d-9d03-b23749b98dda",
              "title": "/PATCH User",
              "fullFile": "C:\\Users\\morga\\Documents\\mean-stack-web-app\\server-side\\tests\\e2e\\profile.js",
              "file": "\\server-side\\tests\\e2e\\profile.js",
              "beforeHooks": [],
              "afterHooks": [],
              "tests": [
                {
                  "title": "it should update the user's profile",
                  "fullTitle": "E2E TESTS FOR PROFILE PAGE /PATCH User it should update the user's profile",
                  "timedOut": false,
                  "duration": 10036,
                  "state": "passed",
                  "speed": "slow",
                  "pass": true,
                  "fail": false,
                  "pending": false,
                  "context": null,
                  "code": "const pseudo = await page.$('#pseudo');\n            const password = await page.$('#password');\n            const submit = await page.$('#submitBtn');\n            await pseudo.click({clickCount: 3});\n            await pseudo.type('dan30@gmail.com');\n            await password.click({clickCount: 3});\n            await password.type('toto');\n            expect(await page.$eval('#submitBtn', btn => btn.disabled)).eql(false);\n            await submit.click();\n            await page.waitForNavigation();\n            expect(page.url()).eql('http://localhost:4200/dashboard');\n            const profile = await page.$('#profileBtn');\n            await profile.click();\n            await page.waitForNavigation();\n            expect(page.url()).eql('http://localhost:4200/profile/dan30');\n            await page.waitFor(1000);\n            expect(await page.$eval('#submitUpdate', btn => btn.disabled)).eql(true);\n            const updateUser = await page.$('#updateUser');\n            await updateUser.click();\n            const username = await page.$('#username');\n            const email = await page.$('#inputEmail');\n            const passwordUpdate = await page.$('#inputPassword');\n            const confirmPassword = await page.$('#passwordConfirm');\n            const submitUpdate = await page.$('#submitUpdate');\n            await page.waitFor(1000);\n            await username.click({clickCount: 3});\n            await username.type('dan30');\n            await email.click({clickCount: 3});\n            await email.type(`dan30@gmail.com`);\n            await passwordUpdate.click({clickCount: 3});\n            await passwordUpdate.type('toto');\n            await confirmPassword.click({clickCount: 3});\n            await confirmPassword.type('toto');\n            expect(await page.$eval('#submitUpdate', btn => btn.disabled)).eql(false);\n            await submitUpdate.click();\n            await page.waitFor(1000);\n            expect(await page.$eval('#updateSuccess', el => el.innerHTML))\n                .eql(' User info updated successfully ! ');",
                  "err": {},
                  "uuid": "5844a734-a2a3-4ef0-a49a-092ec45305ad",
                  "parentUUID": "2714cd11-98ee-409d-9d03-b23749b98dda",
                  "isHook": false,
                  "skipped": false
                }
              ],
              "suites": [],
              "passes": [
                "5844a734-a2a3-4ef0-a49a-092ec45305ad"
              ],
              "failures": [],
              "pending": [],
              "skipped": [],
              "duration": 10036,
              "root": false,
              "rootEmpty": false,
              "_timeout": 400000
            },
            {
              "uuid": "caa1cd77-9879-444c-ab6c-c237f7fa168f",
              "title": "/user profile update errors",
              "fullFile": "C:\\Users\\morga\\Documents\\mean-stack-web-app\\server-side\\tests\\e2e\\profile.js",
              "file": "\\server-side\\tests\\e2e\\profile.js",
              "beforeHooks": [],
              "afterHooks": [],
              "tests": [
                {
                  "title": "it should display an error if the passwords don't match",
                  "fullTitle": "E2E TESTS FOR PROFILE PAGE /user profile update errors it should display an error if the passwords don't match",
                  "timedOut": false,
                  "duration": 7950,
                  "state": "passed",
                  "speed": "slow",
                  "pass": true,
                  "fail": false,
                  "pending": false,
                  "context": null,
                  "code": "const pseudo = await page.$('#pseudo');\n            const password = await page.$('#password');\n            const submit = await page.$('#submitBtn');\n            await pseudo.click({clickCount: 3});\n            await pseudo.type('dan30@gmail.com');\n            await password.click({clickCount: 3});\n            await password.type('toto');\n            expect(await page.$eval('#submitBtn', btn => btn.disabled)).eql(false);\n            await submit.click();\n            await page.waitForNavigation();\n            expect(page.url()).eql('http://localhost:4200/dashboard');\n            const profile = await page.$('#profileBtn');\n            await profile.click();\n            await page.waitForNavigation();\n            expect(page.url()).eql('http://localhost:4200/profile/dan30');\n            await page.waitFor(1000);\n            expect(await page.$eval('#submitUpdate', btn => btn.disabled)).eql(true);\n            const updateUser = await page.$('#updateUser');\n            await updateUser.click();\n            const passwordUpdate = await page.$('#inputPassword');\n            const confirmPassword = await page.$('#passwordConfirm');\n            await page.waitFor(1000);\n            await passwordUpdate.click({clickCount: 3});\n            await passwordUpdate.type('toto');\n            await confirmPassword.click({clickCount: 3});\n            await confirmPassword.type('totos');\n            await passwordUpdate.click({clickCount: 3});\n            expect(await page.$eval('#submitUpdate', btn => btn.disabled)).eql(true);\n            await page.waitFor(1000);\n            expect(await page.$eval('#passwordMatchError', el => el.innerHTML))\n                .eql('Passwords do not match');",
                  "err": {},
                  "uuid": "fb54a559-f71e-4b55-af1a-69485bb13744",
                  "parentUUID": "caa1cd77-9879-444c-ab6c-c237f7fa168f",
                  "isHook": false,
                  "skipped": false
                },
                {
                  "title": "it should display an error on any form field in an invalid state",
                  "fullTitle": "E2E TESTS FOR PROFILE PAGE /user profile update errors it should display an error on any form field in an invalid state",
                  "timedOut": false,
                  "duration": 10526,
                  "state": "passed",
                  "speed": "slow",
                  "pass": true,
                  "fail": false,
                  "pending": false,
                  "context": null,
                  "code": "expect(await page.$eval('#submitBtn', btn => btn.disabled)).eql(true);\n            const pseudo = await page.$('#pseudo');\n            const loginPassword = await page.$('#password');\n            const submit = await page.$('#submitBtn');\n            await pseudo.click({clickCount: 3});\n            await pseudo.type('dan30@gmail.com');\n            await loginPassword.click({clickCount: 3});\n            await loginPassword.type('toto');\n            expect(await page.$eval('#submitBtn', btn => btn.disabled)).eql(false);\n            await submit.click();\n            await page.waitForNavigation();\n            expect(page.url()).eql('http://localhost:4200/dashboard');\n            const profile = await page.$('#profileBtn');\n            await profile.click();\n            await page.waitForNavigation();\n            expect(page.url()).eql('http://localhost:4200/profile/dan30');\n            await page.waitFor(1000);\n            expect(await page.$eval('#submitUpdate', btn => btn.disabled)).eql(true);\n            const updateUser = await page.$('#updateUser');\n            await updateUser.click();\n            await page.waitFor(1000);\n            const username = await page.$('#username');\n            const password = await page.$('#inputPassword');\n            const confirmPassword = await page.$('#passwordConfirm');\n            await page.waitFor(1000);\n            await password.click({clickCount: 3});\n            await password.type('');\n            await confirmPassword.click({clickCount: 3});\n            await confirmPassword.type('');\n            await username.click({clickCount: 1});\n            expect(await page.$eval('#passwordRequired', el => el.innerHTML))\n                .eql('A password is required');\n            expect(await page.$eval('#confirmPasswordError', el => el.innerHTML))\n                .eql('Please confirm your password');\n            expect(await page.$eval('#submitUpdate', btn => btn.disabled)).eql(true);\n            await page.waitFor(3000);",
                  "err": {},
                  "uuid": "49eb4eae-06d8-46fb-ab47-3f91b73b3e2e",
                  "parentUUID": "caa1cd77-9879-444c-ab6c-c237f7fa168f",
                  "isHook": false,
                  "skipped": false
                }
              ],
              "suites": [],
              "passes": [
                "fb54a559-f71e-4b55-af1a-69485bb13744",
                "49eb4eae-06d8-46fb-ab47-3f91b73b3e2e"
              ],
              "failures": [],
              "pending": [],
              "skipped": [],
              "duration": 18476,
              "root": false,
              "rootEmpty": false,
              "_timeout": 400000
            }
          ],
          "passes": [],
          "failures": [],
          "pending": [],
          "skipped": [],
          "duration": 0,
          "root": false,
          "rootEmpty": false,
          "_timeout": 400000
        },
        {
          "uuid": "6cd55b2b-b57d-403f-90f9-c5b68e77849c",
          "title": "E2E TESTS FOR SINGUP PAGE",
          "fullFile": "C:\\Users\\morga\\Documents\\mean-stack-web-app\\server-side\\tests\\e2e\\register.js",
          "file": "\\server-side\\tests\\e2e\\register.js",
          "beforeHooks": [
            {
              "title": "\"before each\" hook",
              "fullTitle": "E2E TESTS FOR SINGUP PAGE \"before each\" hook",
              "timedOut": false,
              "duration": 7292,
              "state": null,
              "speed": null,
              "pass": false,
              "fail": false,
              "pending": false,
              "context": null,
              "code": "browser = await puppeteer.launch({\n    headless: false,\n    defaultViewport: null,\n    slowMo: 35,\n    args: [\n        '--window-size=1920,1080',\n    ],\n});\npage = await browser.newPage();\nawait page.goto(\"http://localhost:4200/register\");",
              "err": {},
              "uuid": "4e2c791d-c05c-42c1-bc9b-0a2935aa80fd",
              "parentUUID": "6cd55b2b-b57d-403f-90f9-c5b68e77849c",
              "isHook": true,
              "skipped": false
            }
          ],
          "afterHooks": [
            {
              "title": "\"after each\" hook",
              "fullTitle": "E2E TESTS FOR SINGUP PAGE \"after each\" hook",
              "timedOut": false,
              "duration": 561,
              "state": null,
              "speed": null,
              "pass": false,
              "fail": false,
              "pending": false,
              "context": null,
              "code": "await browser.close();",
              "err": {},
              "uuid": "883d0750-fab3-4fc9-90a5-2f3cbfb0f3ea",
              "parentUUID": "6cd55b2b-b57d-403f-90f9-c5b68e77849c",
              "isHook": true,
              "skipped": false
            }
          ],
          "tests": [],
          "suites": [
            {
              "uuid": "8e629e23-8004-4d4e-bf87-fbe8d83da620",
              "title": "/POST Register",
              "fullFile": "C:\\Users\\morga\\Documents\\mean-stack-web-app\\server-side\\tests\\e2e\\register.js",
              "file": "\\server-side\\tests\\e2e\\register.js",
              "beforeHooks": [],
              "afterHooks": [],
              "tests": [
                {
                  "title": "it should singup a user",
                  "fullTitle": "E2E TESTS FOR SINGUP PAGE /POST Register it should singup a user",
                  "timedOut": false,
                  "duration": 3930,
                  "state": "passed",
                  "speed": "slow",
                  "pass": true,
                  "fail": false,
                  "pending": false,
                  "context": null,
                  "code": "expect(await page.$eval('#formTitle', e => e.innerText))\n                .to.eql(\"Create an Account\");\n            expect(await page.$eval('#submitBtn', btn => btn.disabled)).eql(true);\n            const username = await page.$('#username');\n            const email = await page.$('#inputEmail');\n            const password = await page.$('#inputPassword');\n            const confirmPassword = await page.$('#PasswordConfirm');\n            const submit = await page.$('#submitBtn');\n            const user = Math.random().toString(36).substr(2, 4);\n            await username.click({ clickCount: 3 });\n            await username.type(user);\n            await email.click({ clickCount: 3 });\n            await email.type(`${user}@gmail.com`);\n            await password.click({ clickCount: 3});\n            await password.type('toto');\n            await confirmPassword.click({ clickCount: 3});\n            await confirmPassword.type('toto');\n            expect(await page.$eval('#submitBtn', btn => btn.disabled)).eql(false);\n            await submit.click();\n            await page.waitForNavigation();\n            expect(page.url()).eql('http://localhost:4200/login');",
                  "err": {},
                  "uuid": "f2743038-a5f0-4ef0-a984-cf18e492ba32",
                  "parentUUID": "8e629e23-8004-4d4e-bf87-fbe8d83da620",
                  "isHook": false,
                  "skipped": false
                }
              ],
              "suites": [],
              "passes": [
                "f2743038-a5f0-4ef0-a984-cf18e492ba32"
              ],
              "failures": [],
              "pending": [],
              "skipped": [],
              "duration": 3930,
              "root": false,
              "rootEmpty": false,
              "_timeout": 400000
            },
            {
              "uuid": "78b1812e-3030-4d53-a031-3a68452f55ee",
              "title": "/register errors",
              "fullFile": "C:\\Users\\morga\\Documents\\mean-stack-web-app\\server-side\\tests\\e2e\\register.js",
              "file": "\\server-side\\tests\\e2e\\register.js",
              "beforeHooks": [],
              "afterHooks": [],
              "tests": [
                {
                  "title": "it should display an error if the username's length is below 4",
                  "fullTitle": "E2E TESTS FOR SINGUP PAGE /register errors it should display an error if the username's length is below 4",
                  "timedOut": false,
                  "duration": 1858,
                  "state": "passed",
                  "speed": "slow",
                  "pass": true,
                  "fail": false,
                  "pending": false,
                  "context": null,
                  "code": "const username = await page.$('#username');\n            const email = await page.$('#inputEmail');\n            await username.click({ clickCount: 3 });\n            await username.type('u');\n            await email.click({ clickCount: 3 });\n            await page.waitFor(1000);\n            expect((await page.$eval('#usernameError1', el => el.innerHTML))\n                .includes('minimum')).eql(true);\n            expect(await page.$eval('#submitBtn', btn => btn.disabled)).eql(true);",
                  "err": {},
                  "uuid": "5b6ccbaf-d9dc-4cf0-ac9f-b5a967954e49",
                  "parentUUID": "78b1812e-3030-4d53-a031-3a68452f55ee",
                  "isHook": false,
                  "skipped": false
                },
                {
                  "title": "it should display an error if the email is invalid",
                  "fullTitle": "E2E TESTS FOR SINGUP PAGE /register errors it should display an error if the email is invalid",
                  "timedOut": false,
                  "duration": 2846,
                  "state": "passed",
                  "speed": "slow",
                  "pass": true,
                  "fail": false,
                  "pending": false,
                  "context": null,
                  "code": "const email = await page.$('#inputEmail');\n            await email.click({ clickCount: 3 });\n            await email.type('dan30gmail.com');\n            await page.waitFor(1000);\n            expect((await page.$eval('#emailInvalid', el => el.innerHTML))\n                .includes('is not a valid email')).eql(true);\n            expect(await page.$eval('#submitBtn', btn => btn.disabled)).eql(true);",
                  "err": {},
                  "uuid": "ff1a2877-6bc3-4b4c-9cb1-c2b011061e99",
                  "parentUUID": "78b1812e-3030-4d53-a031-3a68452f55ee",
                  "isHook": false,
                  "skipped": false
                },
                {
                  "title": "it should display an error if the passwords don't match",
                  "fullTitle": "E2E TESTS FOR SINGUP PAGE /register errors it should display an error if the passwords don't match",
                  "timedOut": false,
                  "duration": 2633,
                  "state": "passed",
                  "speed": "slow",
                  "pass": true,
                  "fail": false,
                  "pending": false,
                  "context": null,
                  "code": "const password = await page.$('#inputPassword');\n            const confirmPassword = await page.$('#PasswordConfirm');\n            await password.click({ clickCount: 3 });\n            await password.type('toto');\n            await confirmPassword.click({ clickCount: 3 });\n            await confirmPassword.type('totos');\n            await page.waitFor(1000);\n            expect(await page.$eval('#passwordMatchError', el => el.innerHTML))\n                .eql('Passwords do not match');\n            expect(await page.$eval('#submitBtn', btn => btn.disabled)).eql(true);",
                  "err": {},
                  "uuid": "04dd3b80-c605-46dc-b3b4-7275a21fd55b",
                  "parentUUID": "78b1812e-3030-4d53-a031-3a68452f55ee",
                  "isHook": false,
                  "skipped": false
                },
                {
                  "title": "it should display an error on any form field in an invalid state",
                  "fullTitle": "E2E TESTS FOR SINGUP PAGE /register errors it should display an error on any form field in an invalid state",
                  "timedOut": false,
                  "duration": 1722,
                  "state": "passed",
                  "speed": "slow",
                  "pass": true,
                  "fail": false,
                  "pending": false,
                  "context": null,
                  "code": "expect(await page.$eval('#submitBtn', btn => btn.disabled)).eql(true);\n            const username = await page.$('#username');\n            const email = await page.$('#inputEmail');\n            const password = await page.$('#inputPassword');\n            const confirmPassword = await page.$('#PasswordConfirm');\n            await username.click({ clickCount: 3 });\n            await username.type('');\n            await email.click({ clickCount: 3 });\n            await email.type('');\n            await password.click({ clickCount: 3});\n            await password.type('');\n            await confirmPassword.click({ clickCount: 3});\n            await confirmPassword.type('');\n            await username.click({ clickCount: 3});\n            expect(await page.$eval('#usernameError2', el => el.innerHTML))\n                .eql('A username is required');\n            expect(await page.$eval('#emailRequired', el => el.innerHTML))\n                .eql('An Email is required');\n            expect(await page.$eval('#passwordRequired', el => el.innerHTML))\n                .eql('A password is required');\n            expect(await page.$eval('#confirmPasswordError', el => el.innerHTML))\n                .eql('Please confirm your password');\n            expect(await page.$eval('#submitBtn', btn => btn.disabled)).eql(true);",
                  "err": {},
                  "uuid": "43599661-c1ed-4c88-a3c3-f241e6945b43",
                  "parentUUID": "78b1812e-3030-4d53-a031-3a68452f55ee",
                  "isHook": false,
                  "skipped": false
                },
                {
                  "title": "it should display an error if the username or email alreay exists",
                  "fullTitle": "E2E TESTS FOR SINGUP PAGE /register errors it should display an error if the username or email alreay exists",
                  "timedOut": false,
                  "duration": 4453,
                  "state": "passed",
                  "speed": "slow",
                  "pass": true,
                  "fail": false,
                  "pending": false,
                  "context": null,
                  "code": "const username = await page.$('#username');\n            const email = await page.$('#inputEmail');\n            const password = await page.$('#inputPassword');\n            const confirmPassword = await page.$('#PasswordConfirm');\n            const submit = await page.$('#submitBtn');\n            await username.click({ clickCount: 3 });\n            await username.type('dan30');\n            await email.click({ clickCount: 3 });\n            await email.type('dan30@gmail.com');\n            await password.click({ clickCount: 3});\n            await password.type('****');\n            await confirmPassword.click({ clickCount: 3});\n            await confirmPassword.type('****');\n            expect(await page.$eval('#submitBtn', btn => btn.disabled)).eql(false);\n            await submit.click();\n            await page.waitFor(1000);\n            expect((await page.$eval('#flashMessages', e => e.innerHTML))\n                .includes('alert')).eql(true);\n            expect(page.url()).eql('http://localhost:4200/register');",
                  "err": {},
                  "uuid": "e7403fba-ed79-4be7-b437-9a304a78b64d",
                  "parentUUID": "78b1812e-3030-4d53-a031-3a68452f55ee",
                  "isHook": false,
                  "skipped": false
                }
              ],
              "suites": [],
              "passes": [
                "5b6ccbaf-d9dc-4cf0-ac9f-b5a967954e49",
                "ff1a2877-6bc3-4b4c-9cb1-c2b011061e99",
                "04dd3b80-c605-46dc-b3b4-7275a21fd55b",
                "43599661-c1ed-4c88-a3c3-f241e6945b43",
                "e7403fba-ed79-4be7-b437-9a304a78b64d"
              ],
              "failures": [],
              "pending": [],
              "skipped": [],
              "duration": 13512,
              "root": false,
              "rootEmpty": false,
              "_timeout": 400000
            }
          ],
          "passes": [],
          "failures": [],
          "pending": [],
          "skipped": [],
          "duration": 0,
          "root": false,
          "rootEmpty": false,
          "_timeout": 400000
        },
        {
          "uuid": "d6c1ea69-a712-41e3-9ed3-d0a2dbeac658",
          "title": "E2E TESTS FOR SINGUP PAGE",
          "fullFile": "C:\\Users\\morga\\Documents\\mean-stack-web-app\\server-side\\tests\\e2e\\reviews.js",
          "file": "\\server-side\\tests\\e2e\\reviews.js",
          "beforeHooks": [
            {
              "title": "\"before each\" hook",
              "fullTitle": "E2E TESTS FOR SINGUP PAGE \"before each\" hook",
              "timedOut": false,
              "duration": 7324,
              "state": null,
              "speed": null,
              "pass": false,
              "fail": false,
              "pending": false,
              "context": null,
              "code": "browser = await puppeteer.launch({\n    headless: false,\n    defaultViewport: null,\n    slowMo: 35,\n    args: [\n        '--window-size=1920,1080',\n    ],\n});\npage = await browser.newPage();\nawait page.goto(\"http://localhost:4200/reviews\");",
              "err": {},
              "uuid": "78ab5948-9214-4068-ac06-b048e855d752",
              "parentUUID": "d6c1ea69-a712-41e3-9ed3-d0a2dbeac658",
              "isHook": true,
              "skipped": false
            }
          ],
          "afterHooks": [
            {
              "title": "\"after each\" hook",
              "fullTitle": "E2E TESTS FOR SINGUP PAGE \"after each\" hook",
              "timedOut": false,
              "duration": 677,
              "state": null,
              "speed": null,
              "pass": false,
              "fail": false,
              "pending": false,
              "context": null,
              "code": "await browser.close();",
              "err": {},
              "uuid": "d37a9c9d-d0ea-49e0-8eda-0610e4d50c3c",
              "parentUUID": "d6c1ea69-a712-41e3-9ed3-d0a2dbeac658",
              "isHook": true,
              "skipped": false
            }
          ],
          "tests": [],
          "suites": [
            {
              "uuid": "0ee2c0ef-47ac-4630-98ad-ee52324e2a14",
              "title": "/GET Reviews",
              "fullFile": "C:\\Users\\morga\\Documents\\mean-stack-web-app\\server-side\\tests\\e2e\\reviews.js",
              "file": "\\server-side\\tests\\e2e\\reviews.js",
              "beforeHooks": [],
              "afterHooks": [],
              "tests": [
                {
                  "title": "it should display all reviews",
                  "fullTitle": "E2E TESTS FOR SINGUP PAGE /GET Reviews it should display all reviews",
                  "timedOut": false,
                  "duration": 5737,
                  "state": "passed",
                  "speed": "slow",
                  "pass": true,
                  "fail": false,
                  "pending": false,
                  "context": null,
                  "code": "await page.waitFor(1000);\n            expect((await page.$eval('#comments', e => e.innerText))\n                .includes('comments'))\n                .to.eql(true);\n            const nextBtn = await page.$('.pagination-next');\n            const previousBtn = await page.$('.pagination-previous');\n            let reviewPage = (await page.$eval('.small-screen', e => e.innerText)).split('/');\n            while (Number(reviewPage[0]) !== Number(reviewPage[1])) {\n                await nextBtn.click();\n                reviewPage = (await page.$eval('.small-screen', e => e.innerText)).split('/');\n            }\n            await page.waitFor(1000);\n            while (Number(reviewPage[0]) !== 1) {\n                await previousBtn.click();\n                reviewPage = (await page.$eval('.small-screen', e => e.innerText)).split('/');\n            }\n            await page.waitFor(1000);",
                  "err": {},
                  "uuid": "3fcaec76-3c29-4634-9c5b-65a6f04a608f",
                  "parentUUID": "0ee2c0ef-47ac-4630-98ad-ee52324e2a14",
                  "isHook": false,
                  "skipped": false
                }
              ],
              "suites": [],
              "passes": [
                "3fcaec76-3c29-4634-9c5b-65a6f04a608f"
              ],
              "failures": [],
              "pending": [],
              "skipped": [],
              "duration": 5737,
              "root": false,
              "rootEmpty": false,
              "_timeout": 400000
            }
          ],
          "passes": [],
          "failures": [],
          "pending": [],
          "skipped": [],
          "duration": 0,
          "root": false,
          "rootEmpty": false,
          "_timeout": 400000
        }
      ],
      "passes": [],
      "failures": [],
      "pending": [],
      "skipped": [],
      "duration": 0,
      "root": true,
      "rootEmpty": true,
      "_timeout": 400000
    }
  ],
  "meta": {
    "mocha": {
      "version": "7.1.2"
    },
    "mochawesome": {
      "options": {
        "quiet": false,
        "reportFilename": "index",
        "saveHtml": true,
        "saveJson": true,
        "consoleReporter": "spec",
        "useInlineDiffs": false,
        "code": true
      },
      "version": "6.1.1"
    },
    "marge": {
      "options": {
        "reportFilename": "index"
      },
      "version": "5.1.0"
    }
  }
}