{
  "stats": {
    "suites": 9,
    "tests": 12,
    "passes": 12,
    "pending": 0,
    "failures": 0,
    "start": "2020-05-14T00:22:08.201Z",
    "end": "2020-05-14T00:24:20.228Z",
    "duration": 132027,
    "testsRegistered": 12,
    "passPercent": 100,
    "pendingPercent": 0,
    "other": 0,
    "hasOther": false,
    "skipped": 0,
    "hasSkipped": false
  },
  "results": [
    {
      "uuid": "e11e9f3d-29f6-4da1-a09e-16f8bb352601",
      "title": "",
      "fullFile": "",
      "file": "",
      "beforeHooks": [],
      "afterHooks": [],
      "tests": [],
      "suites": [
        {
          "uuid": "d17bd067-07b6-455d-b64e-44cbff2687eb",
          "title": "E2E TESTS FOR LOGIN PAGE",
          "fullFile": "C:\\Users\\morga\\Documents\\mean-stack-web-app\\server-side\\tests\\e2e\\login.js",
          "file": "\\server-side\\tests\\e2e\\login.js",
          "beforeHooks": [
            {
              "title": "\"before each\" hook",
              "fullTitle": "E2E TESTS FOR LOGIN PAGE \"before each\" hook",
              "timedOut": false,
              "duration": 6588,
              "state": null,
              "speed": null,
              "pass": false,
              "fail": false,
              "pending": false,
              "context": null,
              "code": "browser = await puppeteer.launch({\n    headless: false,\n    defaultViewport: null,\n    slowMo: 35,\n    args: [\n        '--window-size=1920,1080',\n    ],\n});\npage = await browser.newPage();\nawait page.goto(\"http://localhost:4200/login\");",
              "err": {},
              "uuid": "d59fe72a-4bab-457c-89ec-83e549f62135",
              "parentUUID": "d17bd067-07b6-455d-b64e-44cbff2687eb",
              "isHook": true,
              "skipped": false
            }
          ],
          "afterHooks": [
            {
              "title": "\"after each\" hook",
              "fullTitle": "E2E TESTS FOR LOGIN PAGE \"after each\" hook",
              "timedOut": false,
              "duration": 574,
              "state": null,
              "speed": null,
              "pass": false,
              "fail": false,
              "pending": false,
              "context": null,
              "code": "await browser.close();",
              "err": {},
              "uuid": "55336193-8057-498d-8544-f0dfeba16579",
              "parentUUID": "d17bd067-07b6-455d-b64e-44cbff2687eb",
              "isHook": true,
              "skipped": false
            }
          ],
          "tests": [],
          "suites": [
            {
              "uuid": "4b6003ca-dfb0-4c34-b506-efb2ded1fad9",
              "title": "/POST Login",
              "fullFile": "C:\\Users\\morga\\Documents\\mean-stack-web-app\\server-side\\tests\\e2e\\login.js",
              "file": "\\server-side\\tests\\e2e\\login.js",
              "beforeHooks": [],
              "afterHooks": [],
              "tests": [
                {
                  "title": "it should login a user",
                  "fullTitle": "E2E TESTS FOR LOGIN PAGE /POST Login it should login a user",
                  "timedOut": false,
                  "duration": 3681,
                  "state": "passed",
                  "speed": "slow",
                  "pass": true,
                  "fail": false,
                  "pending": false,
                  "context": null,
                  "code": "//await page.waitFor(3000);\n            expect(await page.$eval('#formTitle', e => e.innerText))\n                .to.eql(\"Log in to your account\");\n            expect(await page.$eval('#submitBtn', btn => btn.disabled)).eql(true);\n            const pseudo = await page.$('#pseudo');\n            const password = await page.$('#password');\n            const submit = await page.$('#submitBtn');\n            await pseudo.click({ clickCount: 3 });\n            await pseudo.type('dan30@gmail.com');\n            await password.click({ clickCount: 3});\n            await password.type('toto');\n            expect(await page.$eval('#submitBtn', btn => btn.disabled)).eql(false);\n            await submit.click();\n            await page.waitForNavigation();\n            expect(page.url()).eql('http://localhost:4200/dashboard');",
                  "err": {},
                  "uuid": "ac1039c9-f209-42cc-a37c-73e1d37b7e13",
                  "parentUUID": "4b6003ca-dfb0-4c34-b506-efb2ded1fad9",
                  "isHook": false,
                  "skipped": false
                },
                {
                  "title": "it should NOT login a user with a wrong password",
                  "fullTitle": "E2E TESTS FOR LOGIN PAGE /POST Login it should NOT login a user with a wrong password",
                  "timedOut": false,
                  "duration": 3480,
                  "state": "passed",
                  "speed": "slow",
                  "pass": true,
                  "fail": false,
                  "pending": false,
                  "context": null,
                  "code": "const pseudo = await page.$('#pseudo');\n            const password = await page.$('#password');\n            const submit = await page.$('#submitBtn');\n            await pseudo.click({ clickCount: 3 });\n            await pseudo.type('dan30@gmail.com');\n            await password.click({ clickCount: 3});\n            await password.type('*****');\n            await submit.click();\n            await page.waitFor(1000);\n            expect((await page.$eval('#flashMessages', e => e.innerHTML))\n                .includes('alert')).eql(true);\n            expect(page.url()).eql('http://localhost:4200/login');",
                  "err": {},
                  "uuid": "3b87f1c3-7e86-489a-8c46-19e25742a07a",
                  "parentUUID": "4b6003ca-dfb0-4c34-b506-efb2ded1fad9",
                  "isHook": false,
                  "skipped": false
                }
              ],
              "suites": [],
              "passes": [
                "ac1039c9-f209-42cc-a37c-73e1d37b7e13",
                "3b87f1c3-7e86-489a-8c46-19e25742a07a"
              ],
              "failures": [],
              "pending": [],
              "skipped": [],
              "duration": 7161,
              "root": false,
              "rootEmpty": false,
              "_timeout": 400000
            },
            {
              "uuid": "773bd593-d302-4fa2-88ad-a6eeb203db37",
              "title": "/login errors",
              "fullFile": "C:\\Users\\morga\\Documents\\mean-stack-web-app\\server-side\\tests\\e2e\\login.js",
              "file": "\\server-side\\tests\\e2e\\login.js",
              "beforeHooks": [],
              "afterHooks": [],
              "tests": [
                {
                  "title": "it should display form validation on all fields",
                  "fullTitle": "E2E TESTS FOR LOGIN PAGE /login errors it should display form validation on all fields",
                  "timedOut": false,
                  "duration": 1917,
                  "state": "passed",
                  "speed": "slow",
                  "pass": true,
                  "fail": false,
                  "pending": false,
                  "context": null,
                  "code": "const pseudo = await page.$('#pseudo');\n            const password = await page.$('#password');\n            await pseudo.click({ clickCount: 3 });\n            await pseudo.type('');\n            await password.click({ clickCount: 3});\n            await password.type('');\n            await pseudo.click({ clickCount: 3 });\n            await page.waitFor(1000);\n            expect((await page.$eval('#pseudo', el => el.className))\n                .includes('is-invalid')).eql(true);\n            expect((await page.$eval('#password', el => el.className))\n                .includes('is-invalid')).eql(true);\n            expect(await page.$eval('#submitBtn', btn => btn.disabled)).eql(true);\n            expect(page.url()).eql('http://localhost:4200/login');",
                  "err": {},
                  "uuid": "43df0efe-1e75-4c9a-8c60-ee73bcd34bcf",
                  "parentUUID": "773bd593-d302-4fa2-88ad-a6eeb203db37",
                  "isHook": false,
                  "skipped": false
                },
                {
                  "title": "it should nagivate to the signup page",
                  "fullTitle": "E2E TESTS FOR LOGIN PAGE /login errors it should nagivate to the signup page",
                  "timedOut": false,
                  "duration": 238,
                  "state": "passed",
                  "speed": "slow",
                  "pass": true,
                  "fail": false,
                  "pending": false,
                  "context": null,
                  "code": "const singUp = await page.$('#signUpLink');\n            await singUp.click();\n            await page.waitForNavigation();\n            expect(page.url()).eql('http://localhost:4200/register');",
                  "err": {},
                  "uuid": "7fcec66e-781d-43f8-8c61-0e89ea42353f",
                  "parentUUID": "773bd593-d302-4fa2-88ad-a6eeb203db37",
                  "isHook": false,
                  "skipped": false
                }
              ],
              "suites": [],
              "passes": [
                "43df0efe-1e75-4c9a-8c60-ee73bcd34bcf",
                "7fcec66e-781d-43f8-8c61-0e89ea42353f"
              ],
              "failures": [],
              "pending": [],
              "skipped": [],
              "duration": 2155,
              "root": false,
              "rootEmpty": false,
              "_timeout": 400000
            }
          ],
          "passes": [],
          "failures": [],
          "pending": [],
          "skipped": [],
          "duration": 0,
          "root": false,
          "rootEmpty": false,
          "_timeout": 400000
        },
        {
          "uuid": "c6721fdd-2768-483d-b7dc-9a30db5f189e",
          "title": "E2E TESTS FOR PROFILE PAGE",
          "fullFile": "C:\\Users\\morga\\Documents\\mean-stack-web-app\\server-side\\tests\\e2e\\profile.js",
          "file": "\\server-side\\tests\\e2e\\profile.js",
          "beforeHooks": [
            {
              "title": "\"before each\" hook",
              "fullTitle": "E2E TESTS FOR PROFILE PAGE \"before each\" hook",
              "timedOut": false,
              "duration": 6299,
              "state": null,
              "speed": null,
              "pass": false,
              "fail": false,
              "pending": false,
              "context": null,
              "code": "browser = await puppeteer.launch({\n    headless: false,\n    defaultViewport: null,\n    slowMo: 35,\n    args: [\n        '--window-size=1920,1080',\n    ],\n});\npage = await browser.newPage();\nawait page.goto(\"http://localhost:4200/login\");",
              "err": {},
              "uuid": "2278b533-7b3c-4d26-b480-b7a42dd9b77d",
              "parentUUID": "c6721fdd-2768-483d-b7dc-9a30db5f189e",
              "isHook": true,
              "skipped": false
            }
          ],
          "afterHooks": [
            {
              "title": "\"after each\" hook",
              "fullTitle": "E2E TESTS FOR PROFILE PAGE \"after each\" hook",
              "timedOut": false,
              "duration": 451,
              "state": null,
              "speed": null,
              "pass": false,
              "fail": false,
              "pending": false,
              "context": null,
              "code": "await browser.close();",
              "err": {},
              "uuid": "dac4543b-dbf3-451c-ab2a-a98195d3eb78",
              "parentUUID": "c6721fdd-2768-483d-b7dc-9a30db5f189e",
              "isHook": true,
              "skipped": false
            }
          ],
          "tests": [],
          "suites": [
            {
              "uuid": "b28abc6e-c48e-4cf3-98de-1bd6f51d2796",
              "title": "/GET User",
              "fullFile": "C:\\Users\\morga\\Documents\\mean-stack-web-app\\server-side\\tests\\e2e\\profile.js",
              "file": "\\server-side\\tests\\e2e\\profile.js",
              "beforeHooks": [],
              "afterHooks": [],
              "tests": [
                {
                  "title": "it should display the user's profile",
                  "fullTitle": "E2E TESTS FOR PROFILE PAGE /GET User it should display the user's profile",
                  "timedOut": false,
                  "duration": 3206,
                  "state": "passed",
                  "speed": "slow",
                  "pass": true,
                  "fail": false,
                  "pending": false,
                  "context": null,
                  "code": "expect(await page.$eval('#submitBtn', btn => btn.disabled)).eql(true);\n            const pseudo = await page.$('#pseudo');\n            const password = await page.$('#password');\n            const submit = await page.$('#submitBtn');\n            await pseudo.click({ clickCount: 3 });\n            await pseudo.type('dan30@gmail.com');\n            await password.click({ clickCount: 3});\n            await password.type('toto');\n            expect(await page.$eval('#submitBtn', btn => btn.disabled)).eql(false);\n            await submit.click();\n            await page.waitForNavigation();\n            expect(page.url()).eql('http://localhost:4200/dashboard');\n            const profile = await page.$('#profileBtn');\n            await profile.click();\n            await page.waitForNavigation();\n            expect(page.url()).eql('http://localhost:4200/profile/dan30');",
                  "err": {},
                  "uuid": "427e7d67-7b06-4172-b6fc-c6095064fb71",
                  "parentUUID": "b28abc6e-c48e-4cf3-98de-1bd6f51d2796",
                  "isHook": false,
                  "skipped": false
                }
              ],
              "suites": [],
              "passes": [
                "427e7d67-7b06-4172-b6fc-c6095064fb71"
              ],
              "failures": [],
              "pending": [],
              "skipped": [],
              "duration": 3206,
              "root": false,
              "rootEmpty": false,
              "_timeout": 400000
            },
            {
              "uuid": "64140c8a-ee31-42d0-8463-4db0ab8479cd",
              "title": "/PATCH User",
              "fullFile": "C:\\Users\\morga\\Documents\\mean-stack-web-app\\server-side\\tests\\e2e\\profile.js",
              "file": "\\server-side\\tests\\e2e\\profile.js",
              "beforeHooks": [],
              "afterHooks": [],
              "tests": [
                {
                  "title": "it should update the user's profile",
                  "fullTitle": "E2E TESTS FOR PROFILE PAGE /PATCH User it should update the user's profile",
                  "timedOut": false,
                  "duration": 9700,
                  "state": "passed",
                  "speed": "slow",
                  "pass": true,
                  "fail": false,
                  "pending": false,
                  "context": null,
                  "code": "const pseudo = await page.$('#pseudo');\n            const password = await page.$('#password');\n            const submit = await page.$('#submitBtn');\n            await pseudo.click({ clickCount: 3 });\n            await pseudo.type('dan30@gmail.com');\n            await password.click({ clickCount: 3});\n            await password.type('toto');\n            expect(await page.$eval('#submitBtn', btn => btn.disabled)).eql(false);\n            await submit.click();\n            await page.waitForNavigation();\n            expect(page.url()).eql('http://localhost:4200/dashboard');\n            const profile = await page.$('#profileBtn');\n            await profile.click();\n            await page.waitForNavigation();\n            expect(page.url()).eql('http://localhost:4200/profile/dan30');\n            await page.waitFor(1000);\n            expect(await page.$eval('#submitUpdate', btn => btn.disabled)).eql(true);\n            const updateUser = await page.$('#updateUser');\n            await updateUser.click();\n            const username = await page.$('#username');\n            const email = await page.$('#inputEmail');\n            const passwordUpdate = await page.$('#inputPassword');\n            const confirmPassword = await page.$('#PasswordConfirm');\n            const submitUpdate = await page.$('#submitUpdate');\n            await page.waitFor(1000);\n            await username.click({ clickCount: 3});\n            await username.type('dan30');\n            await email.click({ clickCount: 3 });\n            await email.type(`dan30@gmail.com`);\n            await passwordUpdate.click({ clickCount: 3});\n            await passwordUpdate.type('toto');\n            await confirmPassword.click({ clickCount: 3});\n            await confirmPassword.type('toto');\n            expect(await page.$eval('#submitUpdate', btn => btn.disabled)).eql(false);\n            await submitUpdate.click();\n            await page.waitFor(1000);\n            expect(await page.$eval('#updateSuccess', el => el.innerHTML))\n                .eql(' User info updated successfully ! ');",
                  "err": {},
                  "uuid": "5db007f2-b524-4906-8ac5-d572bbfa5dbc",
                  "parentUUID": "64140c8a-ee31-42d0-8463-4db0ab8479cd",
                  "isHook": false,
                  "skipped": false
                }
              ],
              "suites": [],
              "passes": [
                "5db007f2-b524-4906-8ac5-d572bbfa5dbc"
              ],
              "failures": [],
              "pending": [],
              "skipped": [],
              "duration": 9700,
              "root": false,
              "rootEmpty": false,
              "_timeout": 400000
            }
          ],
          "passes": [],
          "failures": [],
          "pending": [],
          "skipped": [],
          "duration": 0,
          "root": false,
          "rootEmpty": false,
          "_timeout": 400000
        },
        {
          "uuid": "6a75a589-3672-4f8b-97ca-faf95166b785",
          "title": "E2E TESTS FOR SINGUP PAGE",
          "fullFile": "C:\\Users\\morga\\Documents\\mean-stack-web-app\\server-side\\tests\\e2e\\register.js",
          "file": "\\server-side\\tests\\e2e\\register.js",
          "beforeHooks": [
            {
              "title": "\"before each\" hook",
              "fullTitle": "E2E TESTS FOR SINGUP PAGE \"before each\" hook",
              "timedOut": false,
              "duration": 6592,
              "state": null,
              "speed": null,
              "pass": false,
              "fail": false,
              "pending": false,
              "context": null,
              "code": "browser = await puppeteer.launch({\n    headless: false,\n    defaultViewport: null,\n    slowMo: 35,\n    args: [\n        '--window-size=1920,1080',\n    ],\n});\npage = await browser.newPage();\nawait page.goto(\"http://localhost:4200/register\");",
              "err": {},
              "uuid": "aaa5a5f7-6f78-4650-91b6-04d4d230d322",
              "parentUUID": "6a75a589-3672-4f8b-97ca-faf95166b785",
              "isHook": true,
              "skipped": false
            }
          ],
          "afterHooks": [
            {
              "title": "\"after each\" hook",
              "fullTitle": "E2E TESTS FOR SINGUP PAGE \"after each\" hook",
              "timedOut": false,
              "duration": 518,
              "state": null,
              "speed": null,
              "pass": false,
              "fail": false,
              "pending": false,
              "context": null,
              "code": "await browser.close();",
              "err": {},
              "uuid": "db982d7f-1b81-424a-9291-9f5e073c8347",
              "parentUUID": "6a75a589-3672-4f8b-97ca-faf95166b785",
              "isHook": true,
              "skipped": false
            }
          ],
          "tests": [],
          "suites": [
            {
              "uuid": "bf8c1331-193f-482e-8efa-46be8dd12da7",
              "title": "/POST Register",
              "fullFile": "C:\\Users\\morga\\Documents\\mean-stack-web-app\\server-side\\tests\\e2e\\register.js",
              "file": "\\server-side\\tests\\e2e\\register.js",
              "beforeHooks": [],
              "afterHooks": [],
              "tests": [
                {
                  "title": "it should singup a user",
                  "fullTitle": "E2E TESTS FOR SINGUP PAGE /POST Register it should singup a user",
                  "timedOut": false,
                  "duration": 3882,
                  "state": "passed",
                  "speed": "slow",
                  "pass": true,
                  "fail": false,
                  "pending": false,
                  "context": null,
                  "code": "expect(await page.$eval('#formTitle', e => e.innerText))\n                .to.eql(\"Create an Account\");\n            expect(await page.$eval('#submitBtn', btn => btn.disabled)).eql(true);\n            const username = await page.$('#username');\n            const email = await page.$('#inputEmail');\n            const password = await page.$('#inputPassword');\n            const confirmPassword = await page.$('#PasswordConfirm');\n            const submit = await page.$('#submitBtn');\n            const user = Math.random().toString(36).substr(2, 4);\n            await username.click({ clickCount: 3 });\n            await username.type(user);\n            await email.click({ clickCount: 3 });\n            await email.type(`${user}@gmail.com`);\n            await password.click({ clickCount: 3});\n            await password.type('toto');\n            await confirmPassword.click({ clickCount: 3});\n            await confirmPassword.type('toto');\n            expect(await page.$eval('#submitBtn', btn => btn.disabled)).eql(false);\n            await submit.click();\n            await page.waitForNavigation();\n            expect(page.url()).eql('http://localhost:4200/login');",
                  "err": {},
                  "uuid": "3526ed17-1a47-4b69-bcdc-78bbad00d89e",
                  "parentUUID": "bf8c1331-193f-482e-8efa-46be8dd12da7",
                  "isHook": false,
                  "skipped": false
                }
              ],
              "suites": [],
              "passes": [
                "3526ed17-1a47-4b69-bcdc-78bbad00d89e"
              ],
              "failures": [],
              "pending": [],
              "skipped": [],
              "duration": 3882,
              "root": false,
              "rootEmpty": false,
              "_timeout": 400000
            },
            {
              "uuid": "46675627-55ad-4391-89f1-2f0f8dc9b0d7",
              "title": "/register errors",
              "fullFile": "C:\\Users\\morga\\Documents\\mean-stack-web-app\\server-side\\tests\\e2e\\register.js",
              "file": "\\server-side\\tests\\e2e\\register.js",
              "beforeHooks": [],
              "afterHooks": [],
              "tests": [
                {
                  "title": "it should display an error if the username's length is below 4",
                  "fullTitle": "E2E TESTS FOR SINGUP PAGE /register errors it should display an error if the username's length is below 4",
                  "timedOut": false,
                  "duration": 1738,
                  "state": "passed",
                  "speed": "slow",
                  "pass": true,
                  "fail": false,
                  "pending": false,
                  "context": null,
                  "code": "const username = await page.$('#username');\n            const email = await page.$('#inputEmail');\n            await username.click({ clickCount: 3 });\n            await username.type('u');\n            await email.click({ clickCount: 3 });\n            await page.waitFor(1000);\n            expect((await page.$eval('#usernameError1', el => el.innerHTML))\n                .includes('minimum')).eql(true);\n            expect(await page.$eval('#submitBtn', btn => btn.disabled)).eql(true);",
                  "err": {},
                  "uuid": "271c7da7-db63-445c-a79b-6465a78dea12",
                  "parentUUID": "46675627-55ad-4391-89f1-2f0f8dc9b0d7",
                  "isHook": false,
                  "skipped": false
                },
                {
                  "title": "it should display an error if the email is invalid",
                  "fullTitle": "E2E TESTS FOR SINGUP PAGE /register errors it should display an error if the email is invalid",
                  "timedOut": false,
                  "duration": 2541,
                  "state": "passed",
                  "speed": "slow",
                  "pass": true,
                  "fail": false,
                  "pending": false,
                  "context": null,
                  "code": "const email = await page.$('#inputEmail');\n            await email.click({ clickCount: 3 });\n            await email.type('dan30gmail.com');\n            await page.waitFor(1000);\n            expect((await page.$eval('#emailInvalid', el => el.innerHTML))\n                .includes('is not a valid email')).eql(true);\n            expect(await page.$eval('#submitBtn', btn => btn.disabled)).eql(true);",
                  "err": {},
                  "uuid": "d757032f-20e1-46ab-88da-3f81e65ad924",
                  "parentUUID": "46675627-55ad-4391-89f1-2f0f8dc9b0d7",
                  "isHook": false,
                  "skipped": false
                },
                {
                  "title": "it should display an error if the passwords don't match",
                  "fullTitle": "E2E TESTS FOR SINGUP PAGE /register errors it should display an error if the passwords don't match",
                  "timedOut": false,
                  "duration": 2343,
                  "state": "passed",
                  "speed": "slow",
                  "pass": true,
                  "fail": false,
                  "pending": false,
                  "context": null,
                  "code": "const password = await page.$('#inputPassword');\n            const confirmPassword = await page.$('#PasswordConfirm');\n            await password.click({ clickCount: 3 });\n            await password.type('toto');\n            await confirmPassword.click({ clickCount: 3 });\n            await confirmPassword.type('totos');\n            await page.waitFor(1000);\n            expect(await page.$eval('#passwordMatchError', el => el.innerHTML))\n                .eql('Passwords do not match');\n            expect(await page.$eval('#submitBtn', btn => btn.disabled)).eql(true);",
                  "err": {},
                  "uuid": "788cbf92-29a0-419e-84e0-0b5ed62c6fe1",
                  "parentUUID": "46675627-55ad-4391-89f1-2f0f8dc9b0d7",
                  "isHook": false,
                  "skipped": false
                },
                {
                  "title": "it should display an error on any form field in an invalid state",
                  "fullTitle": "E2E TESTS FOR SINGUP PAGE /register errors it should display an error on any form field in an invalid state",
                  "timedOut": false,
                  "duration": 1700,
                  "state": "passed",
                  "speed": "slow",
                  "pass": true,
                  "fail": false,
                  "pending": false,
                  "context": null,
                  "code": "expect(await page.$eval('#submitBtn', btn => btn.disabled)).eql(true);\n            const username = await page.$('#username');\n            const email = await page.$('#inputEmail');\n            const password = await page.$('#inputPassword');\n            const confirmPassword = await page.$('#PasswordConfirm');\n            await username.click({ clickCount: 3 });\n            await username.type('');\n            await email.click({ clickCount: 3 });\n            await email.type('');\n            await password.click({ clickCount: 3});\n            await password.type('');\n            await confirmPassword.click({ clickCount: 3});\n            await confirmPassword.type('');\n            await username.click({ clickCount: 3});\n            expect(await page.$eval('#usernameError2', el => el.innerHTML))\n                .eql('A username is required');\n            expect(await page.$eval('#emailRequired', el => el.innerHTML))\n                .eql('An Email is required');\n            expect(await page.$eval('#passwordRequired', el => el.innerHTML))\n                .eql('A password is required');\n            expect(await page.$eval('#confirmPasswordError', el => el.innerHTML))\n                .eql('Please confirm your password');\n            expect(await page.$eval('#submitBtn', btn => btn.disabled)).eql(true);",
                  "err": {},
                  "uuid": "b0112898-73ef-4bad-a20f-ab6c13069c1f",
                  "parentUUID": "46675627-55ad-4391-89f1-2f0f8dc9b0d7",
                  "isHook": false,
                  "skipped": false
                },
                {
                  "title": "it should display an error if the username or email alreay exists",
                  "fullTitle": "E2E TESTS FOR SINGUP PAGE /register errors it should display an error if the username or email alreay exists",
                  "timedOut": false,
                  "duration": 4406,
                  "state": "passed",
                  "speed": "slow",
                  "pass": true,
                  "fail": false,
                  "pending": false,
                  "context": null,
                  "code": "const username = await page.$('#username');\n            const email = await page.$('#inputEmail');\n            const password = await page.$('#inputPassword');\n            const confirmPassword = await page.$('#PasswordConfirm');\n            const submit = await page.$('#submitBtn');\n            await username.click({ clickCount: 3 });\n            await username.type('dan30');\n            await email.click({ clickCount: 3 });\n            await email.type('dan30@gmail.com');\n            await password.click({ clickCount: 3});\n            await password.type('****');\n            await confirmPassword.click({ clickCount: 3});\n            await confirmPassword.type('****');\n            expect(await page.$eval('#submitBtn', btn => btn.disabled)).eql(false);\n            await submit.click();\n            await page.waitFor(1000);\n            expect((await page.$eval('#flashMessages', e => e.innerHTML))\n                .includes('alert')).eql(true);\n            expect(page.url()).eql('http://localhost:4200/register');",
                  "err": {},
                  "uuid": "4dde09a0-9e5e-409e-87d9-66e9c7940d17",
                  "parentUUID": "46675627-55ad-4391-89f1-2f0f8dc9b0d7",
                  "isHook": false,
                  "skipped": false
                }
              ],
              "suites": [],
              "passes": [
                "271c7da7-db63-445c-a79b-6465a78dea12",
                "d757032f-20e1-46ab-88da-3f81e65ad924",
                "788cbf92-29a0-419e-84e0-0b5ed62c6fe1",
                "b0112898-73ef-4bad-a20f-ab6c13069c1f",
                "4dde09a0-9e5e-409e-87d9-66e9c7940d17"
              ],
              "failures": [],
              "pending": [],
              "skipped": [],
              "duration": 12728,
              "root": false,
              "rootEmpty": false,
              "_timeout": 400000
            }
          ],
          "passes": [],
          "failures": [],
          "pending": [],
          "skipped": [],
          "duration": 0,
          "root": false,
          "rootEmpty": false,
          "_timeout": 400000
        }
      ],
      "passes": [],
      "failures": [],
      "pending": [],
      "skipped": [],
      "duration": 0,
      "root": true,
      "rootEmpty": true,
      "_timeout": 400000
    }
  ],
  "meta": {
    "mocha": {
      "version": "7.1.2"
    },
    "mochawesome": {
      "options": {
        "quiet": false,
        "reportFilename": "mochawesome",
        "saveHtml": true,
        "saveJson": true,
        "consoleReporter": "spec",
        "useInlineDiffs": false,
        "code": true
      },
      "version": "6.1.1"
    },
    "marge": {
      "options": null,
      "version": "5.1.0"
    }
  }
}