{
  "stats": {
    "suites": 1,
    "tests": 3,
    "passes": 3,
    "pending": 0,
    "failures": 0,
    "start": "2020-05-13T02:53:34.118Z",
    "end": "2020-05-13T02:53:44.224Z",
    "duration": 10106,
    "testsRegistered": 3,
    "passPercent": 100,
    "pendingPercent": 0,
    "other": 0,
    "hasOther": false,
    "skipped": 0,
    "hasSkipped": false
  },
  "results": [
    {
      "uuid": "136d81ce-75b9-4770-a8fb-aa9a185305e5",
      "title": "",
      "fullFile": "",
      "file": "",
      "beforeHooks": [],
      "afterHooks": [],
      "tests": [],
      "suites": [
        {
          "uuid": "3030280f-c185-42c6-b9c2-7fe7a31fc36e",
          "title": "E2E TESTS",
          "fullFile": "C:\\Users\\morga\\Documents\\mean-stack-web-app\\server-side\\tests\\e2e\\test.js",
          "file": "\\server-side\\tests\\e2e\\test.js",
          "beforeHooks": [
            {
              "title": "\"before each\" hook",
              "fullTitle": "E2E TESTS \"before each\" hook",
              "timedOut": false,
              "duration": 2710,
              "state": null,
              "speed": null,
              "pass": false,
              "fail": false,
              "pending": false,
              "context": null,
              "code": "browser = await puppeteer.launch({\n    headless: true,\n    defaultViewport: null,\n    args: [\n        '--window-size=1920,1080',\n    ],\n});\npage = await browser.newPage();\nawait page.goto(\"http://localhost:4200\");",
              "err": {},
              "uuid": "3ca0fea6-a7dc-4b37-9583-782e5005222f",
              "parentUUID": "3030280f-c185-42c6-b9c2-7fe7a31fc36e",
              "isHook": true,
              "skipped": false
            }
          ],
          "afterHooks": [
            {
              "title": "\"after each\" hook",
              "fullTitle": "E2E TESTS \"after each\" hook",
              "timedOut": false,
              "duration": 233,
              "state": null,
              "speed": null,
              "pass": false,
              "fail": false,
              "pending": false,
              "context": null,
              "code": "await browser.close();",
              "err": {},
              "uuid": "6e56ecb1-ea84-468f-9087-ab210639eca0",
              "parentUUID": "3030280f-c185-42c6-b9c2-7fe7a31fc36e",
              "isHook": true,
              "skipped": false
            }
          ],
          "tests": [
            {
              "title": "should nagivate to the login page",
              "fullTitle": "E2E TESTS should nagivate to the login page",
              "timedOut": false,
              "duration": 122,
              "state": "passed",
              "speed": "slow",
              "pass": true,
              "fail": false,
              "pending": false,
              "context": null,
              "code": "await Promise.all([\n            page.waitForNavigation(),\n            page.click('#loginBtn')\n        ]);\n        const msg = await page.$eval('#formTitle', e => e.innerText);\n        expect(msg).to.eql(\"Log in to your account\");\n        //await page.waitFor(3000);",
              "err": {},
              "uuid": "a851437e-0a35-45a7-8464-a2b185d9f258",
              "parentUUID": "3030280f-c185-42c6-b9c2-7fe7a31fc36e",
              "isHook": false,
              "skipped": false
            },
            {
              "title": "login button should be disabled",
              "fullTitle": "E2E TESTS login button should be disabled",
              "timedOut": false,
              "duration": 97,
              "state": "passed",
              "speed": "slow",
              "pass": true,
              "fail": false,
              "pending": false,
              "context": null,
              "code": "await Promise.all([\n            page.waitForNavigation(),\n            page.click('#loginBtn')\n        ]);\n        expect(await page.$eval('#submitBtn', btn => btn.disabled)).eql(true);",
              "err": {},
              "uuid": "6c928f00-53ee-43a1-95d5-04256014fbdf",
              "parentUUID": "3030280f-c185-42c6-b9c2-7fe7a31fc36e",
              "isHook": false,
              "skipped": false
            },
            {
              "title": "it should login a user in the form fields",
              "fullTitle": "E2E TESTS it should login a user in the form fields",
              "timedOut": false,
              "duration": 600,
              "state": "passed",
              "speed": "slow",
              "pass": true,
              "fail": false,
              "pending": false,
              "context": null,
              "code": "await Promise.all([\n            page.waitForNavigation(),\n            page.click('#loginBtn')\n        ]);\n       const pseudo = await page.$('#pseudo');\n       const password = await page.$('#password');\n       const submit = await page.$('#submitBtn');\n        await pseudo.click({ clickCount: 3 });\n        await pseudo.type('dan30@gmail.com');\n        await password.click({ clickCount: 3});\n        await password.type('toto');\n        await submit.click();\n        await page.waitForNavigation();\n        expect(page.url()).eql('http://localhost:4200/dashboard');",
              "err": {},
              "uuid": "1fbdf78f-2a32-4a58-9595-8b5bc5c78a91",
              "parentUUID": "3030280f-c185-42c6-b9c2-7fe7a31fc36e",
              "isHook": false,
              "skipped": false
            }
          ],
          "suites": [],
          "passes": [
            "a851437e-0a35-45a7-8464-a2b185d9f258",
            "6c928f00-53ee-43a1-95d5-04256014fbdf",
            "1fbdf78f-2a32-4a58-9595-8b5bc5c78a91"
          ],
          "failures": [],
          "pending": [],
          "skipped": [],
          "duration": 819,
          "root": false,
          "rootEmpty": false,
          "_timeout": 10000
        }
      ],
      "passes": [],
      "failures": [],
      "pending": [],
      "skipped": [],
      "duration": 0,
      "root": true,
      "rootEmpty": true,
      "_timeout": 10000
    }
  ],
  "meta": {
    "mocha": {
      "version": "7.1.2"
    },
    "mochawesome": {
      "options": {
        "quiet": false,
        "reportFilename": "mochawesome",
        "saveHtml": true,
        "saveJson": true,
        "consoleReporter": "spec",
        "useInlineDiffs": false,
        "code": true
      },
      "version": "6.1.1"
    },
    "marge": {
      "options": null,
      "version": "5.1.0"
    }
  }
}