TN:
SF:app.js
FN:55,(anonymous_0)
FN:68,(anonymous_1)
FN:72,(anonymous_2)
FN:77,(anonymous_3)
FN:82,(anonymous_4)
FN:89,(anonymous_5)
FNF:6
FNH:1
FNDA:0,(anonymous_0)
FNDA:0,(anonymous_1)
FNDA:0,(anonymous_2)
FNDA:1,(anonymous_3)
FNDA:0,(anonymous_4)
FNDA:0,(anonymous_5)
DA:1,1
DA:2,1
DA:3,1
DA:4,1
DA:5,1
DA:6,1
DA:7,1
DA:8,1
DA:9,1
DA:13,1
DA:16,1
DA:17,1
DA:19,1
DA:30,1
DA:32,1
DA:38,1
DA:39,0
DA:45,1
DA:48,1
DA:49,1
DA:52,1
DA:55,1
DA:56,0
DA:61,1
DA:62,1
DA:63,1
DA:65,1
DA:66,1
DA:67,1
DA:68,1
DA:69,0
DA:72,1
DA:73,0
DA:77,1
DA:78,1
DA:82,1
DA:83,0
DA:84,0
DA:85,0
DA:89,1
DA:91,0
DA:92,0
DA:97,1
LF:43
LH:34
BRDA:38,0,0,0
BRDA:38,0,1,1
BRDA:91,1,0,0
BRDA:91,1,1,0
BRF:4
BRH:1
end_of_record
TN:
SF:config\database.js
FN:15,(anonymous_0)
FN:20,(anonymous_1)
FN:29,(anonymous_2)
FN:34,(anonymous_3)
FN:39,(anonymous_4)
FN:44,(anonymous_5)
FN:49,(anonymous_6)
FN:50,(anonymous_7)
FNF:8
FNH:1
FNDA:1,(anonymous_0)
FNDA:0,(anonymous_1)
FNDA:0,(anonymous_2)
FNDA:0,(anonymous_3)
FNDA:0,(anonymous_4)
FNDA:0,(anonymous_5)
FNDA:0,(anonymous_6)
FNDA:0,(anonymous_7)
DA:1,1
DA:2,1
DA:3,1
DA:4,1
DA:5,1
DA:9,1
DA:10,1
DA:16,1
DA:21,0
DA:23,0
DA:24,0
DA:30,0
DA:35,0
DA:39,0
DA:40,0
DA:44,0
DA:45,0
DA:49,0
DA:50,0
DA:51,0
DA:55,0
LF:21
LH:8
BRDA:9,0,0,1
BRDA:9,0,1,0
BRDA:23,1,0,0
BRDA:23,1,1,0
BRF:4
BRH:1
end_of_record
TN:
SF:config\passport.js
FN:6,(anonymous_0)
FN:14,(anonymous_1)
FN:18,(anonymous_2)
FNF:3
FNH:1
FNDA:1,(anonymous_0)
FNDA:0,(anonymous_1)
FNDA:0,(anonymous_2)
DA:1,1
DA:2,1
DA:3,1
DA:6,1
DA:9,1
DA:10,1
DA:11,1
DA:14,1
DA:18,0
DA:21,0
DA:24,0
DA:25,0
LF:12
LH:8
BRDA:21,0,0,0
BRDA:21,0,1,0
BRDA:24,1,0,0
BRDA:24,1,1,0
BRF:4
BRH:0
end_of_record
TN:
SF:server-side\controllers\grandAccess.js
FN:3,(anonymous_0)
FN:4,(anonymous_1)
FNF:2
FNH:1
FNDA:5,(anonymous_0)
FNDA:0,(anonymous_1)
DA:1,1
DA:3,1
DA:4,5
DA:5,0
DA:6,0
DA:13,0
DA:14,0
DA:19,0
DA:23,0
DA:28,0
DA:30,0
DA:35,1
LF:12
LH:4
BRDA:13,0,0,0
BRDA:13,0,1,0
BRDA:19,1,0,0
BRDA:19,1,1,0
BRDA:19,2,0,0
BRDA:19,2,1,0
BRDA:19,2,2,0
BRDA:19,2,3,0
BRDA:19,2,4,0
BRDA:19,2,5,0
BRF:10
BRH:0
end_of_record
TN:
SF:server-side\controllers\questions.js
FN:4,(anonymous_0)
FN:9,(anonymous_1)
FN:16,(anonymous_2)
FN:19,(anonymous_3)
FN:29,(anonymous_4)
FN:34,(anonymous_5)
FN:55,(anonymous_6)
FN:66,(anonymous_7)
FN:70,(anonymous_8)
FN:82,(anonymous_9)
FN:98,(anonymous_10)
FN:108,(anonymous_11)
FN:113,(anonymous_12)
FN:126,(anonymous_13)
FN:135,(anonymous_14)
FN:145,(anonymous_15)
FN:149,(anonymous_16)
FN:169,(anonymous_17)
FNF:18
FNH:14
FNDA:1,(anonymous_0)
FNDA:1,(anonymous_1)
FNDA:0,(anonymous_2)
FNDA:0,(anonymous_3)
FNDA:1,(anonymous_4)
FNDA:1,(anonymous_5)
FNDA:0,(anonymous_6)
FNDA:2,(anonymous_7)
FNDA:3,(anonymous_8)
FNDA:2,(anonymous_9)
FNDA:0,(anonymous_10)
FNDA:2,(anonymous_11)
FNDA:1,(anonymous_12)
FNDA:2,(anonymous_13)
FNDA:1,(anonymous_14)
FNDA:2,(anonymous_15)
FNDA:1,(anonymous_16)
FNDA:1,(anonymous_17)
DA:1,1
DA:2,1
DA:4,1
DA:5,1
DA:6,1
DA:11,1
DA:12,1
DA:16,0
DA:17,0
DA:20,0
DA:29,1
DA:30,1
DA:31,1
DA:36,1
DA:37,1
DA:50,0
DA:57,0
DA:66,1
DA:67,2
DA:68,2
DA:69,2
DA:70,3
DA:72,2
DA:73,0
DA:80,2
DA:83,2
DA:84,1
DA:88,1
DA:99,0
DA:108,1
DA:110,2
DA:111,2
DA:114,1
DA:115,0
DA:119,1
DA:126,2
DA:136,1
DA:145,1
DA:146,2
DA:147,2
DA:150,1
DA:154,1
DA:170,1
DA:176,1
LF:44
LH:36
BRDA:11,0,0,1
BRDA:11,0,1,0
BRDA:36,1,0,1
BRDA:36,1,1,0
BRDA:72,2,0,0
BRDA:72,2,1,2
BRDA:72,3,0,2
BRDA:72,3,1,2
BRDA:83,4,0,1
BRDA:83,4,1,1
BRDA:114,5,0,0
BRDA:114,5,1,1
BRDA:150,6,0,0
BRDA:150,6,1,1
BRF:14
BRH:9
end_of_record
TN:
SF:server-side\controllers\reviews.js
FN:3,(anonymous_0)
FN:8,(anonymous_1)
FN:17,(anonymous_2)
FN:27,(anonymous_3)
FN:42,(anonymous_4)
FN:46,(anonymous_5)
FN:57,(anonymous_6)
FN:59,(anonymous_7)
FN:63,(anonymous_8)
FN:74,(anonymous_9)
FN:86,(anonymous_10)
FN:98,(anonymous_11)
FN:124,(anonymous_12)
FN:133,(anonymous_13)
FN:146,(anonymous_14)
FN:157,(anonymous_15)
FN:169,(anonymous_16)
FN:182,(anonymous_17)
FN:200,(anonymous_18)
FNF:19
FNH:0
FNDA:0,(anonymous_0)
FNDA:0,(anonymous_1)
FNDA:0,(anonymous_2)
FNDA:0,(anonymous_3)
FNDA:0,(anonymous_4)
FNDA:0,(anonymous_5)
FNDA:0,(anonymous_6)
FNDA:0,(anonymous_7)
FNDA:0,(anonymous_8)
FNDA:0,(anonymous_9)
FNDA:0,(anonymous_10)
FNDA:0,(anonymous_11)
FNDA:0,(anonymous_12)
FNDA:0,(anonymous_13)
FNDA:0,(anonymous_14)
FNDA:0,(anonymous_15)
FNDA:0,(anonymous_16)
FNDA:0,(anonymous_17)
FNDA:0,(anonymous_18)
DA:1,1
DA:3,1
DA:4,0
DA:5,0
DA:9,0
DA:10,0
DA:12,0
DA:18,0
DA:27,1
DA:28,0
DA:29,0
DA:33,0
DA:34,0
DA:40,0
DA:43,0
DA:47,0
DA:57,1
DA:58,0
DA:60,0
DA:61,0
DA:64,0
DA:65,0
DA:71,0
DA:75,0
DA:86,1
DA:88,0
DA:89,0
DA:90,0
DA:95,0
DA:99,0
DA:100,0
DA:104,0
DA:105,0
DA:106,0
DA:107,0
DA:112,0
DA:113,0
DA:120,0
DA:121,0
DA:122,0
DA:125,0
DA:126,0
DA:129,0
DA:134,0
DA:141,0
DA:147,0
DA:157,1
DA:159,0
DA:160,0
DA:161,0
DA:166,0
DA:170,0
DA:171,0
DA:175,0
DA:176,0
DA:177,0
DA:181,0
DA:182,0
DA:183,0
DA:184,0
DA:188,0
DA:195,0
DA:201,0
DA:210,1
LF:64
LH:7
BRDA:9,0,0,0
BRDA:9,0,1,0
BRDA:28,1,0,0
BRDA:28,1,1,0
BRDA:64,2,0,0
BRDA:64,2,1,0
BRDA:89,3,0,0
BRDA:89,3,1,0
BRDA:89,4,0,0
BRDA:89,4,1,0
BRDA:99,5,0,0
BRDA:99,5,1,0
BRDA:104,6,0,0
BRDA:104,6,1,0
BRDA:104,7,0,0
BRDA:104,7,1,0
BRDA:106,8,0,0
BRDA:106,8,1,0
BRDA:112,9,0,0
BRDA:112,9,1,0
BRDA:125,10,0,0
BRDA:125,10,1,0
BRDA:160,11,0,0
BRDA:160,11,1,0
BRDA:160,12,0,0
BRDA:160,12,1,0
BRDA:170,13,0,0
BRDA:170,13,1,0
BRDA:175,14,0,0
BRDA:175,14,1,0
BRDA:175,15,0,0
BRDA:175,15,1,0
BRDA:176,16,0,0
BRDA:176,16,1,0
BRDA:183,17,0,0
BRDA:183,17,1,0
BRF:36
BRH:0
end_of_record
TN:
SF:server-side\controllers\roles.js
FN:6,(anonymous_0)
FNF:1
FNH:1
FNDA:1,(anonymous_0)
DA:2,1
DA:4,1
DA:6,1
DA:7,1
DA:12,1
DA:16,1
DA:22,1
LF:7
LH:7
BRF:0
BRH:0
end_of_record
TN:
SF:server-side\controllers\users.js
FN:5,(anonymous_0)
FN:29,(anonymous_1)
FN:38,(anonymous_2)
FN:52,(anonymous_3)
FN:66,(anonymous_4)
FN:75,(anonymous_5)
FN:83,(anonymous_6)
FN:98,(anonymous_7)
FN:107,(anonymous_8)
FN:147,(anonymous_9)
FN:157,(anonymous_10)
FN:160,(anonymous_11)
FN:170,(anonymous_12)
FN:177,(anonymous_13)
FN:181,(anonymous_14)
FN:188,(anonymous_15)
FN:198,(anonymous_16)
FN:202,(anonymous_17)
FN:220,(anonymous_18)
FN:229,(anonymous_19)
FN:244,(anonymous_20)
FN:255,(anonymous_21)
FN:270,(anonymous_22)
FN:285,(anonymous_23)
FN:295,(anonymous_24)
FN:301,(anonymous_25)
FN:325,(anonymous_26)
FN:336,getLevel
FNF:28
FNH:3
FNDA:0,(anonymous_0)
FNDA:0,(anonymous_1)
FNDA:0,(anonymous_2)
FNDA:0,(anonymous_3)
FNDA:0,(anonymous_4)
FNDA:0,(anonymous_5)
FNDA:1,(anonymous_6)
FNDA:1,(anonymous_7)
FNDA:1,(anonymous_8)
FNDA:0,(anonymous_9)
FNDA:0,(anonymous_10)
FNDA:0,(anonymous_11)
FNDA:0,(anonymous_12)
FNDA:0,(anonymous_13)
FNDA:0,(anonymous_14)
FNDA:0,(anonymous_15)
FNDA:0,(anonymous_16)
FNDA:0,(anonymous_17)
FNDA:0,(anonymous_18)
FNDA:0,(anonymous_19)
FNDA:0,(anonymous_20)
FNDA:0,(anonymous_21)
FNDA:0,(anonymous_22)
FNDA:0,(anonymous_23)
FNDA:0,(anonymous_24)
FNDA:0,(anonymous_25)
FNDA:0,(anonymous_26)
FNDA:0,getLevel
DA:1,1
DA:2,1
DA:3,1
DA:5,1
DA:7,0
DA:8,0
DA:14,0
DA:15,0
DA:23,0
DA:30,0
DA:31,0
DA:38,0
DA:39,0
DA:40,0
DA:44,0
DA:50,0
DA:53,0
DA:67,0
DA:76,0
DA:83,1
DA:85,1
DA:86,1
DA:87,0
DA:92,1
DA:99,1
DA:100,0
DA:107,1
DA:108,1
DA:109,0
DA:110,0
DA:115,1
DA:116,1
DA:126,1
DA:141,0
DA:148,0
DA:157,1
DA:158,0
DA:161,0
DA:162,0
DA:166,0
DA:171,0
DA:177,1
DA:178,0
DA:182,0
DA:183,0
DA:186,0
DA:189,0
DA:198,1
DA:199,0
DA:200,0
DA:201,0
DA:202,0
DA:204,0
DA:205,0
DA:212,0
DA:213,0
DA:220,0
DA:221,0
DA:222,0
DA:226,0
DA:227,0
DA:230,0
DA:231,0
DA:235,0
DA:245,0
DA:255,1
DA:256,0
DA:258,0
DA:259,0
DA:267,0
DA:268,0
DA:271,0
DA:272,0
DA:276,0
DA:286,0
DA:295,1
DA:297,0
DA:298,0
DA:302,0
DA:303,0
DA:320,0
DA:326,0
DA:337,0
DA:338,0
DA:339,0
DA:340,0
DA:341,0
DA:342,0
DA:343,0
DA:344,0
DA:345,0
DA:346,0
DA:348,0
DA:353,1
LF:94
LH:20
BRDA:7,0,0,0
BRDA:7,0,1,0
BRDA:7,1,0,0
BRDA:7,1,1,0
BRDA:7,1,2,0
BRDA:14,2,0,0
BRDA:14,2,1,0
BRDA:14,3,0,0
BRDA:14,3,1,0
BRDA:30,4,0,0
BRDA:30,4,1,0
BRDA:39,5,0,0
BRDA:39,5,1,0
BRDA:48,6,0,0
BRDA:48,6,1,0
BRDA:86,7,0,0
BRDA:86,7,1,1
BRDA:86,8,0,1
BRDA:86,8,1,1
BRDA:99,9,0,0
BRDA:99,9,1,1
BRDA:108,10,0,0
BRDA:108,10,1,1
BRDA:115,11,0,1
BRDA:115,11,1,0
BRDA:161,12,0,0
BRDA:161,12,1,0
BRDA:182,13,0,0
BRDA:182,13,1,0
BRDA:204,14,0,0
BRDA:204,14,1,0
BRDA:204,15,0,0
BRDA:204,15,1,0
BRDA:212,16,0,0
BRDA:212,16,1,0
BRDA:212,17,0,0
BRDA:212,17,1,0
BRDA:221,18,0,0
BRDA:221,18,1,0
BRDA:230,19,0,0
BRDA:230,19,1,0
BRDA:258,20,0,0
BRDA:258,20,1,0
BRDA:271,21,0,0
BRDA:271,21,1,0
BRDA:302,22,0,0
BRDA:302,22,1,0
BRDA:337,23,0,0
BRDA:337,23,1,0
BRDA:337,24,0,0
BRDA:337,24,1,0
BRDA:339,25,0,0
BRDA:339,25,1,0
BRDA:339,26,0,0
BRDA:339,26,1,0
BRDA:341,27,0,0
BRDA:341,27,1,0
BRDA:341,28,0,0
BRDA:341,28,1,0
BRDA:343,29,0,0
BRDA:343,29,1,0
BRDA:343,30,0,0
BRDA:343,30,1,0
BRDA:345,31,0,0
BRDA:345,31,1,0
BRDA:345,32,0,0
BRDA:345,32,1,0
BRF:67
BRH:6
end_of_record
TN:
SF:server-side\models\questions.js
FNF:0
FNH:0
DA:1,1
DA:2,1
DA:4,1
DA:30,1
DA:31,1
LF:5
LH:5
BRF:0
BRH:0
end_of_record
TN:
SF:server-side\models\users.js
FNF:0
FNH:0
DA:1,1
DA:2,1
DA:3,1
DA:6,1
DA:27,1
DA:62,1
DA:64,1
LF:7
LH:7
BRF:0
BRH:0
end_of_record
TN:
SF:server-side\routes\questions.js
FNF:0
FNH:0
DA:1,1
DA:2,1
DA:4,1
DA:6,1
DA:11,1
DA:18,1
LF:6
LH:6
BRF:0
BRH:0
end_of_record
TN:
SF:server-side\routes\reviews.js
FNF:0
FNH:0
DA:1,1
DA:2,1
DA:4,1
DA:6,1
DA:7,1
DA:10,1
DA:14,1
DA:16,1
DA:21,1
LF:9
LH:9
BRF:0
BRH:0
end_of_record
TN:
SF:server-side\routes\users.js
FNF:0
FNH:0
DA:1,1
DA:2,1
DA:4,1
DA:6,1
DA:7,1
DA:15,1
DA:16,1
DA:17,1
DA:22,1
DA:36,1
DA:42,1
LF:11
LH:11
BRF:0
BRH:0
end_of_record
TN:
SF:server-side\tests\questions.js
FN:16,(anonymous_0)
FN:18,(anonymous_1)
FN:19,(anonymous_2)
FN:27,(anonymous_3)
FN:28,(anonymous_4)
FN:31,(anonymous_5)
FN:43,(anonymous_6)
FN:44,(anonymous_7)
FN:56,(anonymous_8)
FN:68,(anonymous_9)
FN:77,(anonymous_10)
FN:91,(anonymous_11)
FN:92,(anonymous_12)
FN:106,(anonymous_13)
FN:119,(anonymous_14)
FN:120,(anonymous_15)
FN:125,(anonymous_16)
FN:135,(anonymous_17)
FN:156,(anonymous_18)
FN:171,(anonymous_19)
FN:172,(anonymous_20)
FN:186,(anonymous_21)
FN:193,(anonymous_22)
FN:199,(anonymous_23)
FNF:24
FNH:24
FNDA:1,(anonymous_0)
FNDA:8,(anonymous_1)
FNDA:8,(anonymous_2)
FNDA:1,(anonymous_3)
FNDA:1,(anonymous_4)
FNDA:1,(anonymous_5)
FNDA:1,(anonymous_6)
FNDA:1,(anonymous_7)
FNDA:1,(anonymous_8)
FNDA:1,(anonymous_9)
FNDA:1,(anonymous_10)
FNDA:1,(anonymous_11)
FNDA:1,(anonymous_12)
FNDA:1,(anonymous_13)
FNDA:1,(anonymous_14)
FNDA:1,(anonymous_15)
FNDA:1,(anonymous_16)
FNDA:1,(anonymous_17)
FNDA:1,(anonymous_18)
FNDA:1,(anonymous_19)
FNDA:1,(anonymous_20)
FNDA:1,(anonymous_21)
FNDA:1,(anonymous_22)
FNDA:1,(anonymous_23)
DA:2,1
DA:4,1
DA:7,1
DA:8,1
DA:9,1
DA:10,1
DA:13,1
DA:16,1
DA:18,1
DA:19,8
DA:20,8
DA:27,1
DA:28,1
DA:29,1
DA:32,1
DA:33,1
DA:34,1
DA:35,1
DA:43,1
DA:44,1
DA:46,1
DA:53,1
DA:57,1
DA:58,1
DA:60,1
DA:62,1
DA:63,1
DA:64,1
DA:68,1
DA:69,1
DA:74,1
DA:78,1
DA:79,1
DA:80,1
DA:82,1
DA:91,1
DA:92,1
DA:94,1
DA:100,1
DA:102,1
DA:104,1
DA:107,1
DA:108,1
DA:119,1
DA:120,1
DA:122,1
DA:123,1
DA:126,1
DA:127,1
DA:128,1
DA:131,1
DA:135,1
DA:137,1
DA:144,1
DA:146,1
DA:147,1
DA:149,1
DA:150,1
DA:153,1
DA:158,1
DA:159,1
DA:161,1
DA:171,1
DA:172,1
DA:174,1
DA:181,1
DA:182,1
DA:184,1
DA:187,1
DA:188,1
DA:193,1
DA:195,1
DA:197,1
DA:200,1
DA:201,1
LF:75
LH:75
BRF:0
BRH:0
end_of_record
TN:
SF:server-side\tests\users..js
FN:13,(anonymous_0)
FN:19,(anonymous_1)
FN:20,(anonymous_2)
FN:30,(anonymous_3)
FNF:4
FNH:4
FNDA:1,(anonymous_0)
FNDA:1,(anonymous_1)
FNDA:1,(anonymous_2)
FNDA:1,(anonymous_3)
DA:2,1
DA:4,1
DA:7,1
DA:8,1
DA:9,1
DA:10,1
DA:13,1
DA:19,1
DA:20,1
DA:22,1
DA:27,1
DA:31,1
DA:32,1
DA:35,1
DA:37,1
LF:15
LH:15
BRF:0
BRH:0
end_of_record
