TN:
SF:app.js
FN:62,(anonymous_0)
FN:78,(anonymous_1)
FN:83,(anonymous_2)
FN:88,(anonymous_3)
FN:93,(anonymous_4)
FN:100,(anonymous_5)
FNF:6
FNH:1
FNDA:0,(anonymous_0)
FNDA:0,(anonymous_1)
FNDA:0,(anonymous_2)
FNDA:1,(anonymous_3)
FNDA:0,(anonymous_4)
FNDA:0,(anonymous_5)
DA:1,1
DA:2,1
DA:3,1
DA:4,1
DA:5,1
DA:6,1
DA:7,1
DA:8,1
DA:9,1
DA:10,1
DA:14,1
DA:17,1
DA:18,1
DA:19,1
DA:21,1
DA:26,1
DA:37,1
DA:39,1
DA:45,1
DA:46,0
DA:52,1
DA:55,1
DA:56,1
DA:59,1
DA:62,1
DA:63,0
DA:68,1
DA:69,1
DA:70,1
DA:71,1
DA:73,1
DA:74,1
DA:75,1
DA:76,1
DA:78,1
DA:79,0
DA:83,1
DA:84,0
DA:88,1
DA:89,1
DA:93,1
DA:94,0
DA:95,0
DA:96,0
DA:100,1
DA:102,0
DA:103,0
DA:108,1
LF:48
LH:39
BRDA:45,0,0,0
BRDA:45,0,1,1
BRDA:102,1,0,0
BRDA:102,1,1,0
BRF:4
BRH:1
end_of_record
TN:
SF:config\database.js
FN:15,(anonymous_0)
FN:20,(anonymous_1)
FN:29,(anonymous_2)
FN:34,(anonymous_3)
FN:39,(anonymous_4)
FN:44,(anonymous_5)
FN:49,(anonymous_6)
FN:50,(anonymous_7)
FNF:8
FNH:1
FNDA:1,(anonymous_0)
FNDA:0,(anonymous_1)
FNDA:0,(anonymous_2)
FNDA:0,(anonymous_3)
FNDA:0,(anonymous_4)
FNDA:0,(anonymous_5)
FNDA:0,(anonymous_6)
FNDA:0,(anonymous_7)
DA:1,1
DA:2,1
DA:3,1
DA:4,1
DA:5,1
DA:9,1
DA:10,1
DA:16,1
DA:21,0
DA:23,0
DA:24,0
DA:30,0
DA:35,0
DA:39,0
DA:40,0
DA:44,0
DA:45,0
DA:49,0
DA:50,0
DA:51,0
DA:55,0
LF:21
LH:8
BRDA:9,0,0,1
BRDA:9,0,1,0
BRDA:23,1,0,0
BRDA:23,1,1,0
BRF:4
BRH:1
end_of_record
TN:
SF:config\passport.js
FN:6,(anonymous_0)
FN:14,(anonymous_1)
FN:18,(anonymous_2)
FNF:3
FNH:3
FNDA:1,(anonymous_0)
FNDA:24,(anonymous_1)
FNDA:24,(anonymous_2)
DA:1,1
DA:2,1
DA:3,1
DA:6,1
DA:9,1
DA:10,1
DA:11,1
DA:14,1
DA:18,24
DA:21,24
DA:24,24
DA:25,0
LF:12
LH:11
BRDA:21,0,0,0
BRDA:21,0,1,24
BRDA:24,1,0,24
BRDA:24,1,1,0
BRF:4
BRH:2
end_of_record
TN:
SF:server-side\controllers\grandAccess.js
FN:3,(anonymous_0)
FN:4,(anonymous_1)
FNF:2
FNH:2
FNDA:5,(anonymous_0)
FNDA:6,(anonymous_1)
DA:1,1
DA:3,1
DA:4,5
DA:5,6
DA:6,6
DA:13,6
DA:14,1
DA:19,5
DA:23,0
DA:28,5
DA:30,0
DA:35,1
LF:12
LH:10
BRDA:13,0,0,1
BRDA:13,0,1,5
BRDA:19,1,0,0
BRDA:19,1,1,5
BRDA:19,2,0,5
BRDA:19,2,1,3
BRDA:19,2,2,1
BRDA:19,2,3,4
BRDA:19,2,4,2
BRDA:19,2,5,0
BRF:10
BRH:8
end_of_record
TN:
SF:server-side\controllers\logs.js
FN:5,(anonymous_0)
FN:17,(anonymous_1)
FN:21,(anonymous_2)
FN:30,(anonymous_3)
FN:34,(anonymous_4)
FN:38,(anonymous_5)
FN:48,(anonymous_6)
FNF:7
FNH:2
FNDA:44,(anonymous_0)
FNDA:0,(anonymous_1)
FNDA:44,(anonymous_2)
FNDA:0,(anonymous_3)
FNDA:0,(anonymous_4)
FNDA:0,(anonymous_5)
FNDA:0,(anonymous_6)
DA:1,1
DA:2,1
DA:5,1
DA:7,44
DA:17,0
DA:21,1
DA:23,44
DA:30,0
DA:34,1
DA:35,0
DA:40,0
DA:41,0
DA:46,0
DA:49,0
DA:59,1
LF:15
LH:8
BRDA:7,0,0,0
BRDA:7,0,1,44
BRDA:23,1,0,0
BRDA:23,1,1,44
BRDA:40,2,0,0
BRDA:40,2,1,0
BRF:6
BRH:2
end_of_record
TN:
SF:server-side\controllers\questions.js
FN:5,(anonymous_0)
FN:13,(anonymous_1)
FN:21,(anonymous_2)
FN:28,(anonymous_3)
FN:39,(anonymous_4)
FN:47,(anonymous_5)
FN:69,(anonymous_6)
FN:80,(anonymous_7)
FN:87,(anonymous_8)
FN:100,(anonymous_9)
FN:118,(anonymous_10)
FN:129,(anonymous_11)
FN:136,(anonymous_12)
FN:151,(anonymous_13)
FN:160,(anonymous_14)
FN:171,(anonymous_15)
FN:178,(anonymous_16)
FN:202,(anonymous_17)
FNF:18
FNH:13
FNDA:1,(anonymous_0)
FNDA:1,(anonymous_1)
FNDA:0,(anonymous_2)
FNDA:0,(anonymous_3)
FNDA:2,(anonymous_4)
FNDA:2,(anonymous_5)
FNDA:0,(anonymous_6)
FNDA:2,(anonymous_7)
FNDA:6,(anonymous_8)
FNDA:2,(anonymous_9)
FNDA:0,(anonymous_10)
FNDA:5,(anonymous_11)
FNDA:4,(anonymous_12)
FNDA:8,(anonymous_13)
FNDA:1,(anonymous_14)
FNDA:2,(anonymous_15)
FNDA:2,(anonymous_16)
FNDA:0,(anonymous_17)
DA:1,1
DA:2,1
DA:3,1
DA:5,1
DA:7,1
DA:9,1
DA:10,1
DA:15,1
DA:16,1
DA:17,1
DA:21,0
DA:22,0
DA:23,0
DA:29,0
DA:35,0
DA:39,1
DA:41,2
DA:43,2
DA:44,2
DA:48,2
DA:49,1
DA:50,1
DA:63,1
DA:64,1
DA:70,0
DA:76,0
DA:80,1
DA:82,2
DA:84,2
DA:85,2
DA:86,2
DA:87,6
DA:89,2
DA:90,0
DA:98,2
DA:101,2
DA:102,1
DA:107,1
DA:108,1
DA:119,0
DA:125,0
DA:129,1
DA:131,5
DA:133,5
DA:134,5
DA:137,4
DA:138,0
DA:139,0
DA:143,4
DA:144,4
DA:151,8
DA:161,1
DA:167,1
DA:171,1
DA:173,2
DA:175,2
DA:176,2
DA:179,2
DA:180,1
DA:181,1
DA:186,1
DA:187,1
DA:203,0
DA:204,0
DA:211,1
LF:65
LH:51
BRDA:15,0,0,1
BRDA:15,0,1,0
BRDA:48,1,0,1
BRDA:48,1,1,1
BRDA:89,2,0,0
BRDA:89,2,1,2
BRDA:89,3,0,2
BRDA:89,3,1,2
BRDA:101,4,0,1
BRDA:101,4,1,1
BRDA:137,5,0,0
BRDA:137,5,1,4
BRDA:179,6,0,1
BRDA:179,6,1,1
BRF:14
BRH:11
end_of_record
TN:
SF:server-side\controllers\reviews.js
FN:3,(anonymous_0)
FN:8,(anonymous_1)
FN:17,(anonymous_2)
FN:27,(anonymous_3)
FN:42,(anonymous_4)
FN:49,(anonymous_5)
FN:60,(anonymous_6)
FN:62,(anonymous_7)
FN:66,(anonymous_8)
FN:77,(anonymous_9)
FN:89,(anonymous_10)
FN:101,(anonymous_11)
FN:127,(anonymous_12)
FN:139,(anonymous_13)
FN:152,(anonymous_14)
FN:163,(anonymous_15)
FN:175,(anonymous_16)
FN:188,(anonymous_17)
FN:206,(anonymous_18)
FNF:19
FNH:10
FNDA:3,(anonymous_0)
FNDA:3,(anonymous_1)
FNDA:0,(anonymous_2)
FNDA:2,(anonymous_3)
FNDA:2,(anonymous_4)
FNDA:0,(anonymous_5)
FNDA:3,(anonymous_6)
FNDA:2,(anonymous_7)
FNDA:2,(anonymous_8)
FNDA:0,(anonymous_9)
FNDA:3,(anonymous_10)
FNDA:3,(anonymous_11)
FNDA:1,(anonymous_12)
FNDA:0,(anonymous_13)
FNDA:0,(anonymous_14)
FNDA:0,(anonymous_15)
FNDA:0,(anonymous_16)
FNDA:0,(anonymous_17)
FNDA:0,(anonymous_18)
DA:1,1
DA:3,1
DA:4,3
DA:5,3
DA:9,3
DA:10,2
DA:12,1
DA:18,0
DA:27,1
DA:28,2
DA:29,0
DA:33,2
DA:34,2
DA:40,2
DA:43,2
DA:50,0
DA:60,1
DA:61,3
DA:63,2
DA:64,2
DA:67,2
DA:68,0
DA:74,2
DA:78,0
DA:89,1
DA:91,3
DA:92,3
DA:93,0
DA:98,3
DA:102,3
DA:103,1
DA:107,2
DA:108,2
DA:109,2
DA:110,1
DA:115,1
DA:116,0
DA:123,1
DA:124,1
DA:125,1
DA:128,1
DA:129,0
DA:132,1
DA:140,0
DA:147,0
DA:153,0
DA:163,1
DA:165,0
DA:166,0
DA:167,0
DA:172,0
DA:176,0
DA:177,0
DA:181,0
DA:182,0
DA:183,0
DA:187,0
DA:188,0
DA:189,0
DA:190,0
DA:194,0
DA:201,0
DA:207,0
DA:216,1
LF:64
LH:37
BRDA:9,0,0,2
BRDA:9,0,1,1
BRDA:28,1,0,0
BRDA:28,1,1,2
BRDA:67,2,0,0
BRDA:67,2,1,2
BRDA:92,3,0,0
BRDA:92,3,1,3
BRDA:92,4,0,3
BRDA:92,4,1,3
BRDA:102,5,0,1
BRDA:102,5,1,2
BRDA:107,6,0,2
BRDA:107,6,1,0
BRDA:107,7,0,2
BRDA:107,7,1,2
BRDA:109,8,0,1
BRDA:109,8,1,1
BRDA:115,9,0,0
BRDA:115,9,1,1
BRDA:128,10,0,0
BRDA:128,10,1,1
BRDA:166,11,0,0
BRDA:166,11,1,0
BRDA:166,12,0,0
BRDA:166,12,1,0
BRDA:176,13,0,0
BRDA:176,13,1,0
BRDA:181,14,0,0
BRDA:181,14,1,0
BRDA:181,15,0,0
BRDA:181,15,1,0
BRDA:182,16,0,0
BRDA:182,16,1,0
BRDA:189,17,0,0
BRDA:189,17,1,0
BRF:36
BRH:16
end_of_record
TN:
SF:server-side\controllers\roles.js
FN:6,(anonymous_0)
FNF:1
FNH:1
FNDA:1,(anonymous_0)
DA:2,1
DA:4,1
DA:6,1
DA:7,1
DA:12,1
DA:16,1
DA:22,1
LF:7
LH:7
BRF:0
BRH:0
end_of_record
TN:
SF:server-side\controllers\users.js
FN:6,(anonymous_0)
FN:34,(anonymous_1)
FN:44,(anonymous_2)
FN:59,(anonymous_3)
FN:74,(anonymous_4)
FN:84,(anonymous_5)
FN:93,(anonymous_6)
FN:111,(anonymous_7)
FN:121,(anonymous_8)
FN:163,(anonymous_9)
FN:174,(anonymous_10)
FN:180,(anonymous_11)
FN:192,(anonymous_12)
FN:200,(anonymous_13)
FN:207,(anonymous_14)
FN:217,(anonymous_15)
FN:228,(anonymous_16)
FN:235,(anonymous_17)
FN:255,(anonymous_18)
FN:265,(anonymous_19)
FN:282,(anonymous_20)
FN:294,(anonymous_21)
FN:313,(anonymous_22)
FN:330,(anonymous_23)
FN:341,(anonymous_24)
FN:349,(anonymous_25)
FN:375,(anonymous_26)
FN:387,getLevel
FNF:28
FNH:15
FNDA:3,(anonymous_0)
FNDA:2,(anonymous_1)
FNDA:1,(anonymous_2)
FNDA:1,(anonymous_3)
FNDA:0,(anonymous_4)
FNDA:0,(anonymous_5)
FNDA:23,(anonymous_6)
FNDA:22,(anonymous_7)
FNDA:22,(anonymous_8)
FNDA:0,(anonymous_9)
FNDA:0,(anonymous_10)
FNDA:0,(anonymous_11)
FNDA:0,(anonymous_12)
FNDA:2,(anonymous_13)
FNDA:2,(anonymous_14)
FNDA:0,(anonymous_15)
FNDA:2,(anonymous_16)
FNDA:4,(anonymous_17)
FNDA:2,(anonymous_18)
FNDA:2,(anonymous_19)
FNDA:0,(anonymous_20)
FNDA:0,(anonymous_21)
FNDA:0,(anonymous_22)
FNDA:0,(anonymous_23)
FNDA:2,(anonymous_24)
FNDA:2,(anonymous_25)
FNDA:0,(anonymous_26)
FNDA:0,getLevel
DA:1,1
DA:2,1
DA:3,1
DA:4,1
DA:6,1
DA:8,3
DA:10,3
DA:11,1
DA:12,1
DA:18,2
DA:19,0
DA:20,0
DA:28,2
DA:35,2
DA:36,1
DA:37,1
DA:44,1
DA:45,1
DA:46,0
DA:47,0
DA:51,1
DA:57,1
DA:60,1
DA:61,1
DA:75,0
DA:76,0
DA:85,0
DA:86,0
DA:93,1
DA:95,23
DA:97,23
DA:98,23
DA:99,1
DA:100,1
DA:105,22
DA:112,22
DA:113,0
DA:114,0
DA:121,22
DA:122,22
DA:123,0
DA:124,0
DA:129,22
DA:130,22
DA:131,22
DA:141,22
DA:156,0
DA:157,0
DA:164,0
DA:170,0
DA:174,1
DA:176,0
DA:178,0
DA:181,0
DA:182,0
DA:183,0
DA:187,0
DA:188,0
DA:193,0
DA:196,0
DA:200,1
DA:202,2
DA:204,2
DA:208,2
DA:209,0
DA:210,0
DA:214,2
DA:215,2
DA:218,0
DA:224,0
DA:228,1
DA:230,2
DA:232,2
DA:233,2
DA:234,2
DA:235,4
DA:237,2
DA:238,0
DA:239,0
DA:246,2
DA:247,0
DA:248,0
DA:255,2
DA:256,2
DA:257,0
DA:258,0
DA:262,2
DA:263,2
DA:266,2
DA:267,1
DA:268,1
DA:272,1
DA:273,1
DA:283,0
DA:289,0
DA:294,1
DA:296,0
DA:298,0
DA:300,0
DA:301,0
DA:302,0
DA:310,0
DA:311,0
DA:314,0
DA:315,0
DA:316,0
DA:320,0
DA:321,0
DA:331,0
DA:337,0
DA:341,1
DA:343,2
DA:345,2
DA:346,2
DA:350,2
DA:351,1
DA:352,1
DA:369,1
DA:370,1
DA:376,0
DA:382,0
DA:388,0
DA:389,0
DA:390,0
DA:391,0
DA:392,0
DA:393,0
DA:394,0
DA:395,0
DA:396,0
DA:397,0
DA:399,0
DA:404,1
LF:133
LH:69
BRDA:10,0,0,1
BRDA:10,0,1,2
BRDA:10,1,0,3
BRDA:10,1,1,3
BRDA:10,1,2,2
BRDA:18,2,0,0
BRDA:18,2,1,2
BRDA:18,3,0,2
BRDA:18,3,1,2
BRDA:35,4,0,1
BRDA:35,4,1,1
BRDA:45,5,0,0
BRDA:45,5,1,1
BRDA:55,6,0,1
BRDA:55,6,1,1
BRDA:98,7,0,1
BRDA:98,7,1,22
BRDA:98,8,0,23
BRDA:98,8,1,23
BRDA:112,9,0,0
BRDA:112,9,1,22
BRDA:122,10,0,0
BRDA:122,10,1,22
BRDA:129,11,0,22
BRDA:129,11,1,0
BRDA:181,12,0,0
BRDA:181,12,1,0
BRDA:208,13,0,0
BRDA:208,13,1,2
BRDA:237,14,0,0
BRDA:237,14,1,2
BRDA:237,15,0,2
BRDA:237,15,1,2
BRDA:246,16,0,0
BRDA:246,16,1,2
BRDA:246,17,0,2
BRDA:246,17,1,1
BRDA:256,18,0,0
BRDA:256,18,1,2
BRDA:266,19,0,1
BRDA:266,19,1,1
BRDA:300,20,0,0
BRDA:300,20,1,0
BRDA:314,21,0,0
BRDA:314,21,1,0
BRDA:350,22,0,1
BRDA:350,22,1,1
BRDA:388,23,0,0
BRDA:388,23,1,0
BRDA:388,24,0,0
BRDA:388,24,1,0
BRDA:390,25,0,0
BRDA:390,25,1,0
BRDA:390,26,0,0
BRDA:390,26,1,0
BRDA:392,27,0,0
BRDA:392,27,1,0
BRDA:392,28,0,0
BRDA:392,28,1,0
BRDA:394,29,0,0
BRDA:394,29,1,0
BRDA:394,30,0,0
BRDA:394,30,1,0
BRDA:396,31,0,0
BRDA:396,31,1,0
BRDA:396,32,0,0
BRDA:396,32,1,0
BRF:67
BRH:32
end_of_record
TN:
SF:server-side\models\logs.js
FN:41,(anonymous_0)
FNF:1
FNH:0
FNDA:0,(anonymous_0)
DA:1,1
DA:2,1
DA:5,1
DA:41,1
DA:47,1
DA:49,1
LF:6
LH:6
BRF:0
BRH:0
end_of_record
TN:
SF:server-side\models\questions.js
FNF:0
FNH:0
DA:1,1
DA:2,1
DA:4,1
DA:30,1
DA:31,1
LF:5
LH:5
BRF:0
BRH:0
end_of_record
TN:
SF:server-side\models\users.js
FNF:0
FNH:0
DA:1,1
DA:2,1
DA:5,1
DA:26,1
DA:61,1
DA:63,1
LF:6
LH:6
BRF:0
BRH:0
end_of_record
TN:
SF:server-side\routes\logs.js
FNF:0
FNH:0
DA:1,1
DA:2,1
DA:4,1
DA:6,1
DA:8,1
DA:10,1
LF:6
LH:6
BRF:0
BRH:0
end_of_record
TN:
SF:server-side\routes\questions.js
FNF:0
FNH:0
DA:1,1
DA:2,1
DA:3,1
DA:5,1
DA:7,1
DA:14,1
DA:24,1
LF:7
LH:7
BRF:0
BRH:0
end_of_record
TN:
SF:server-side\routes\reviews.js
FNF:0
FNH:0
DA:1,1
DA:2,1
DA:4,1
DA:6,1
DA:7,1
DA:10,1
DA:15,1
DA:17,1
DA:24,1
LF:9
LH:9
BRF:0
BRH:0
end_of_record
TN:
SF:server-side\routes\users.js
FNF:0
FNH:0
DA:1,1
DA:2,1
DA:4,1
DA:6,1
DA:7,1
DA:15,1
DA:16,1
DA:17,1
DA:22,1
DA:36,1
DA:42,1
LF:11
LH:11
BRF:0
BRH:0
end_of_record
TN:
SF:server-side\tests\questions.js
FN:15,(anonymous_0)
FN:17,(anonymous_1)
FN:18,(anonymous_2)
FN:26,(anonymous_3)
FN:28,(anonymous_4)
FN:38,(anonymous_5)
FN:42,(anonymous_6)
FN:55,(anonymous_7)
FN:57,(anonymous_8)
FN:74,(anonymous_9)
FN:79,(anonymous_10)
FN:92,(anonymous_11)
FN:109,(anonymous_12)
FN:114,(anonymous_13)
FN:131,(anonymous_14)
FN:133,(anonymous_15)
FN:151,(anonymous_16)
FN:156,(anonymous_17)
FN:161,(anonymous_18)
FN:171,(anonymous_19)
FN:181,(anonymous_20)
FN:185,(anonymous_21)
FN:200,(anonymous_22)
FN:202,(anonymous_23)
FN:220,(anonymous_24)
FN:225,(anonymous_25)
FN:236,(anonymous_26)
FN:254,(anonymous_27)
FN:259,(anonymous_28)
FN:268,(anonymous_29)
FN:283,(anonymous_30)
FN:285,(anonymous_31)
FN:304,(anonymous_32)
FN:309,(anonymous_33)
FN:314,(anonymous_34)
FN:322,(anonymous_35)
FN:332,(anonymous_36)
FN:336,(anonymous_37)
FNF:38
FNH:38
FNDA:1,(anonymous_0)
FNDA:9,(anonymous_1)
FNDA:9,(anonymous_2)
FNDA:1,(anonymous_3)
FNDA:1,(anonymous_4)
FNDA:1,(anonymous_5)
FNDA:1,(anonymous_6)
FNDA:1,(anonymous_7)
FNDA:1,(anonymous_8)
FNDA:1,(anonymous_9)
FNDA:1,(anonymous_10)
FNDA:1,(anonymous_11)
FNDA:1,(anonymous_12)
FNDA:1,(anonymous_13)
FNDA:1,(anonymous_14)
FNDA:1,(anonymous_15)
FNDA:1,(anonymous_16)
FNDA:1,(anonymous_17)
FNDA:1,(anonymous_18)
FNDA:1,(anonymous_19)
FNDA:1,(anonymous_20)
FNDA:1,(anonymous_21)
FNDA:1,(anonymous_22)
FNDA:1,(anonymous_23)
FNDA:1,(anonymous_24)
FNDA:1,(anonymous_25)
FNDA:1,(anonymous_26)
FNDA:1,(anonymous_27)
FNDA:1,(anonymous_28)
FNDA:1,(anonymous_29)
FNDA:1,(anonymous_30)
FNDA:1,(anonymous_31)
FNDA:1,(anonymous_32)
FNDA:1,(anonymous_33)
FNDA:1,(anonymous_34)
FNDA:1,(anonymous_35)
FNDA:1,(anonymous_36)
FNDA:1,(anonymous_37)
DA:2,1
DA:4,1
DA:7,1
DA:8,1
DA:9,1
DA:10,1
DA:13,1
DA:15,1
DA:17,1
DA:18,9
DA:19,9
DA:26,1
DA:28,1
DA:30,1
DA:35,1
DA:39,1
DA:43,1
DA:44,1
DA:45,1
DA:46,1
DA:55,1
DA:57,1
DA:59,1
DA:64,1
DA:71,1
DA:75,1
DA:80,1
DA:81,1
DA:83,1
DA:85,1
DA:86,1
DA:87,1
DA:92,1
DA:94,1
DA:99,1
DA:106,1
DA:110,1
DA:115,1
DA:116,1
DA:117,1
DA:118,1
DA:121,1
DA:131,1
DA:133,1
DA:135,1
DA:140,1
DA:148,1
DA:152,1
DA:157,1
DA:158,1
DA:162,1
DA:163,1
DA:168,1
DA:171,1
DA:173,1
DA:178,1
DA:182,1
DA:186,1
DA:187,1
DA:190,1
DA:200,1
DA:202,1
DA:204,1
DA:209,1
DA:217,1
DA:221,1
DA:226,1
DA:227,1
DA:228,1
DA:233,1
DA:236,1
DA:238,1
DA:243,1
DA:251,1
DA:255,1
DA:260,1
DA:261,1
DA:262,1
DA:263,1
DA:264,1
DA:269,1
DA:270,1
DA:271,1
DA:275,1
DA:283,1
DA:285,1
DA:287,1
DA:292,1
DA:301,1
DA:305,1
DA:310,1
DA:311,1
DA:315,1
DA:318,1
DA:322,1
DA:324,1
DA:329,1
DA:333,1
DA:337,1
DA:338,1
DA:341,1
LF:101
LH:101
BRF:0
BRH:0
end_of_record
TN:
SF:server-side\tests\reviews.js
FN:12,(anonymous_0)
FN:14,(anonymous_1)
FN:16,(anonymous_2)
FN:20,(anonymous_3)
FN:30,(anonymous_4)
FN:32,(anonymous_5)
FN:47,(anonymous_6)
FN:53,(anonymous_7)
FN:63,(anonymous_8)
FN:78,(anonymous_9)
FN:83,(anonymous_10)
FN:91,(anonymous_11)
FN:106,(anonymous_12)
FN:111,(anonymous_13)
FN:122,(anonymous_14)
FN:124,(anonymous_15)
FN:139,(anonymous_16)
FN:146,(anonymous_17)
FN:153,(anonymous_18)
FN:164,(anonymous_19)
FN:182,(anonymous_20)
FN:187,(anonymous_21)
FN:196,(anonymous_22)
FN:214,(anonymous_23)
FN:219,(anonymous_24)
FNF:25
FNH:25
FNDA:1,(anonymous_0)
FNDA:1,(anonymous_1)
FNDA:1,(anonymous_2)
FNDA:1,(anonymous_3)
FNDA:1,(anonymous_4)
FNDA:1,(anonymous_5)
FNDA:1,(anonymous_6)
FNDA:1,(anonymous_7)
FNDA:1,(anonymous_8)
FNDA:1,(anonymous_9)
FNDA:1,(anonymous_10)
FNDA:1,(anonymous_11)
FNDA:1,(anonymous_12)
FNDA:1,(anonymous_13)
FNDA:1,(anonymous_14)
FNDA:1,(anonymous_15)
FNDA:1,(anonymous_16)
FNDA:1,(anonymous_17)
FNDA:1,(anonymous_18)
FNDA:1,(anonymous_19)
FNDA:1,(anonymous_20)
FNDA:1,(anonymous_21)
FNDA:1,(anonymous_22)
FNDA:1,(anonymous_23)
FNDA:1,(anonymous_24)
DA:2,1
DA:4,1
DA:7,1
DA:8,1
DA:9,1
DA:10,1
DA:12,1
DA:14,1
DA:16,1
DA:18,1
DA:21,1
DA:22,1
DA:23,1
DA:30,1
DA:32,1
DA:34,1
DA:39,1
DA:44,1
DA:48,1
DA:49,1
DA:54,1
DA:55,1
DA:57,1
DA:59,1
DA:63,1
DA:65,1
DA:70,1
DA:75,1
DA:79,1
DA:80,1
DA:84,1
DA:85,1
DA:87,1
DA:91,1
DA:93,1
DA:98,1
DA:103,1
DA:107,1
DA:112,1
DA:113,1
DA:116,1
DA:122,1
DA:124,1
DA:126,1
DA:131,1
DA:136,1
DA:140,1
DA:141,1
DA:142,1
DA:147,1
DA:148,1
DA:149,1
DA:154,1
DA:155,1
DA:157,1
DA:160,1
DA:164,1
DA:166,1
DA:171,1
DA:176,1
DA:177,1
DA:179,1
DA:183,1
DA:188,1
DA:189,1
DA:191,1
DA:196,1
DA:198,1
DA:203,1
DA:208,1
DA:209,1
DA:211,1
DA:215,1
DA:220,1
DA:221,1
DA:223,1
LF:76
LH:76
BRF:0
BRH:0
end_of_record
TN:
SF:server-side\tests\users..js
FN:13,(anonymous_0)
FN:18,(anonymous_1)
FN:20,(anonymous_2)
FN:30,(anonymous_3)
FN:41,(anonymous_4)
FN:50,(anonymous_5)
FN:60,(anonymous_6)
FN:62,(anonymous_7)
FN:73,(anonymous_8)
FN:86,(anonymous_9)
FN:96,(anonymous_10)
FN:105,(anonymous_11)
FN:116,(anonymous_12)
FN:129,(anonymous_13)
FN:131,(anonymous_14)
FN:141,(anonymous_15)
FN:145,(anonymous_16)
FN:153,(anonymous_17)
FN:163,(anonymous_18)
FN:167,(anonymous_19)
FN:179,(anonymous_20)
FN:181,(anonymous_21)
FN:191,(anonymous_22)
FN:195,(anonymous_23)
FN:205,(anonymous_24)
FN:215,(anonymous_25)
FN:219,(anonymous_26)
FN:232,(anonymous_27)
FN:234,(anonymous_28)
FN:244,(anonymous_29)
FN:255,(anonymous_30)
FN:269,(anonymous_31)
FN:279,(anonymous_32)
FN:290,(anonymous_33)
FNF:34
FNH:34
FNDA:1,(anonymous_0)
FNDA:1,(anonymous_1)
FNDA:1,(anonymous_2)
FNDA:1,(anonymous_3)
FNDA:1,(anonymous_4)
FNDA:1,(anonymous_5)
FNDA:1,(anonymous_6)
FNDA:1,(anonymous_7)
FNDA:1,(anonymous_8)
FNDA:1,(anonymous_9)
FNDA:1,(anonymous_10)
FNDA:1,(anonymous_11)
FNDA:1,(anonymous_12)
FNDA:1,(anonymous_13)
FNDA:1,(anonymous_14)
FNDA:1,(anonymous_15)
FNDA:1,(anonymous_16)
FNDA:1,(anonymous_17)
FNDA:1,(anonymous_18)
FNDA:1,(anonymous_19)
FNDA:1,(anonymous_20)
FNDA:1,(anonymous_21)
FNDA:1,(anonymous_22)
FNDA:1,(anonymous_23)
FNDA:1,(anonymous_24)
FNDA:1,(anonymous_25)
FNDA:1,(anonymous_26)
FNDA:1,(anonymous_27)
FNDA:1,(anonymous_28)
FNDA:1,(anonymous_29)
FNDA:1,(anonymous_30)
FNDA:1,(anonymous_31)
FNDA:1,(anonymous_32)
FNDA:1,(anonymous_33)
DA:2,1
DA:4,1
DA:7,1
DA:8,1
DA:9,1
DA:10,1
DA:13,1
DA:18,1
DA:20,1
DA:22,1
DA:27,1
DA:31,1
DA:32,1
DA:35,1
DA:37,1
DA:41,1
DA:43,1
DA:47,1
DA:51,1
DA:52,1
DA:55,1
DA:60,1
DA:62,1
DA:64,1
DA:70,1
DA:74,1
DA:75,1
DA:78,1
DA:80,1
DA:82,1
DA:86,1
DA:88,1
DA:93,1
DA:97,1
DA:98,1
DA:101,1
DA:105,1
DA:107,1
DA:113,1
DA:117,1
DA:118,1
DA:121,1
DA:124,1
DA:129,1
DA:131,1
DA:133,1
DA:138,1
DA:142,1
DA:146,1
DA:147,1
DA:148,1
DA:153,1
DA:155,1
DA:160,1
DA:164,1
DA:168,1
DA:169,1
DA:172,1
DA:179,1
DA:181,1
DA:183,1
DA:188,1
DA:192,1
DA:196,1
DA:197,1
DA:198,1
DA:200,1
DA:205,1
DA:207,1
DA:212,1
DA:216,1
DA:220,1
DA:221,1
DA:222,1
DA:225,1
DA:232,1
DA:234,1
DA:236,1
DA:241,1
DA:246,1
DA:251,1
DA:256,1
DA:257,1
DA:260,1
DA:263,1
DA:269,1
DA:271,1
DA:276,1
DA:281,1
DA:286,1
DA:291,1
DA:292,1
DA:295,1
LF:93
LH:93
BRF:0
BRH:0
end_of_record
